<?xml version="1.0" encoding="UTF-8"?>
<coverage generated="1756555648262" clover="3.2.0">
  <project timestamp="1756555648262" name="All files">
    <metrics statements="214" coveredstatements="162" conditionals="200" coveredconditionals="140" methods="62" coveredmethods="27" elements="476" coveredelements="329" complexity="0" loc="214" ncloc="214" packages="11" files="20" classes="20"/>
    <package name="src">
      <metrics statements="3" coveredstatements="3" conditionals="0" coveredconditionals="0" methods="1" coveredmethods="1"/>
      <file name="ScouterUIProvider.tsx" path="/Users/liorshaposhnikov/Documents/ScouterUI/scouter-ui/src/ScouterUIProvider.tsx">
        <metrics statements="2" coveredstatements="2" conditionals="0" coveredconditionals="0" methods="1" coveredmethods="1"/>
        <line num="24" count="7" type="stmt"/>
        <line num="25" count="12" type="stmt"/>
      </file>
      <file name="ScouterUITheme.ts" path="/Users/liorshaposhnikov/Documents/ScouterUI/scouter-ui/src/ScouterUITheme.ts">
        <metrics statements="1" coveredstatements="1" conditionals="0" coveredconditionals="0" methods="0" coveredmethods="0"/>
        <line num="19" count="7" type="stmt"/>
      </file>
    </package>
    <package name="src.components">
      <metrics statements="89" coveredstatements="69" conditionals="88" coveredconditionals="65" methods="28" coveredmethods="11"/>
      <file name="button.tsx" path="/Users/liorshaposhnikov/Documents/ScouterUI/scouter-ui/src/components/button.tsx">
        <metrics statements="12" coveredstatements="10" conditionals="19" coveredconditionals="12" methods="4" coveredmethods="1"/>
        <line num="42" count="4" type="stmt"/>
        <line num="43" count="4" type="stmt"/>
        <line num="56" count="17" type="stmt"/>
        <line num="58" count="17" type="stmt"/>
        <line num="59" count="17" type="cond" truecount="3" falsecount="1"/>
        <line num="60" count="17" type="cond" truecount="1" falsecount="3"/>
        <line num="61" count="17" type="cond" truecount="1" falsecount="3"/>
        <line num="62" count="17" type="stmt"/>
        <line num="64" count="17" type="stmt"/>
        <line num="68" count="17" type="stmt"/>
        <line num="73" count="0" type="stmt"/>
        <line num="76" count="0" type="stmt"/>
      </file>
      <file name="buttonGroup.tsx" path="/Users/liorshaposhnikov/Documents/ScouterUI/scouter-ui/src/components/buttonGroup.tsx">
        <metrics statements="10" coveredstatements="10" conditionals="24" coveredconditionals="23" methods="2" coveredmethods="2"/>
        <line num="29" count="1" type="cond" truecount="2" falsecount="0"/>
        <line num="31" count="5" type="stmt"/>
        <line num="33" count="5" type="stmt"/>
        <line num="34" count="11" type="stmt"/>
        <line num="35" count="11" type="stmt"/>
        <line num="37" count="11" type="stmt"/>
        <line num="44" count="11" type="stmt"/>
        <line num="52" count="11" type="cond" truecount="2" falsecount="0"/>
        <line num="53" count="11" type="stmt"/>
        <line num="58" count="5" type="stmt"/>
      </file>
      <file name="checkbox.tsx" path="/Users/liorshaposhnikov/Documents/ScouterUI/scouter-ui/src/components/checkbox.tsx">
        <metrics statements="17" coveredstatements="12" conditionals="20" coveredconditionals="12" methods="6" coveredmethods="2"/>
        <line num="49" count="1" type="stmt"/>
        <line num="64" count="1" type="stmt"/>
        <line num="65" count="1" type="stmt"/>
        <line num="66" count="1" type="stmt"/>
        <line num="67" count="1" type="stmt"/>
        <line num="68" count="1" type="stmt"/>
        <line num="69" count="1" type="stmt"/>
        <line num="70" count="1" type="stmt"/>
        <line num="72" count="1" type="stmt"/>
        <line num="73" count="1" type="stmt"/>
        <line num="75" count="1" type="stmt"/>
        <line num="76" count="0" type="cond" truecount="0" falsecount="2"/>
        <line num="77" count="0" type="stmt"/>
        <line num="78" count="0" type="stmt"/>
        <line num="79" count="0" type="stmt"/>
        <line num="80" count="0" type="stmt"/>
        <line num="85" count="1" type="stmt"/>
      </file>
      <file name="counter.tsx" path="/Users/liorshaposhnikov/Documents/ScouterUI/scouter-ui/src/components/counter.tsx">
        <metrics statements="13" coveredstatements="6" conditionals="3" coveredconditionals="1" methods="7" coveredmethods="1"/>
        <line num="42" count="1" type="cond" truecount="1" falsecount="0"/>
        <line num="43" count="1" type="stmt"/>
        <line num="44" count="1" type="stmt"/>
        <line num="46" count="1" type="stmt"/>
        <line num="48" count="0" type="stmt"/>
        <line num="49" count="0" type="stmt"/>
        <line num="54" count="1" type="stmt"/>
        <line num="56" count="0" type="cond" truecount="0" falsecount="2"/>
        <line num="57" count="0" type="stmt"/>
        <line num="58" count="0" type="stmt"/>
        <line num="64" count="1" type="stmt"/>
        <line num="72" count="0" type="stmt"/>
        <line num="85" count="0" type="stmt"/>
      </file>
      <file name="heading.tsx" path="/Users/liorshaposhnikov/Documents/ScouterUI/scouter-ui/src/components/heading.tsx">
        <metrics statements="4" coveredstatements="4" conditionals="3" coveredconditionals="3" methods="1" coveredmethods="1"/>
        <line num="31" count="7" type="cond" truecount="3" falsecount="0"/>
        <line num="32" count="18" type="stmt"/>
        <line num="34" count="18" type="stmt"/>
        <line num="40" count="18" type="stmt"/>
      </file>
      <file name="radioButton.tsx" path="/Users/liorshaposhnikov/Documents/ScouterUI/scouter-ui/src/components/radioButton.tsx">
        <metrics statements="14" coveredstatements="10" conditionals="9" coveredconditionals="7" methods="5" coveredmethods="1"/>
        <line num="44" count="1" type="stmt"/>
        <line num="56" count="1" type="stmt"/>
        <line num="57" count="1" type="stmt"/>
        <line num="58" count="1" type="stmt"/>
        <line num="60" count="1" type="stmt"/>
        <line num="61" count="1" type="stmt"/>
        <line num="63" count="1" type="stmt"/>
        <line num="66" count="1" type="stmt"/>
        <line num="70" count="1" type="stmt"/>
        <line num="71" count="0" type="stmt"/>
        <line num="72" count="0" type="stmt"/>
        <line num="73" count="0" type="stmt"/>
        <line num="78" count="0" type="stmt"/>
        <line num="86" count="1" type="stmt"/>
      </file>
      <file name="scouterDictionary.ts" path="/Users/liorshaposhnikov/Documents/ScouterUI/scouter-ui/src/components/scouterDictionary.ts">
        <metrics statements="2" coveredstatements="2" conditionals="0" coveredconditionals="0" methods="0" coveredmethods="0"/>
        <line num="19" count="7" type="stmt"/>
        <line num="32" count="7" type="stmt"/>
      </file>
      <file name="stack.tsx" path="/Users/liorshaposhnikov/Documents/ScouterUI/scouter-ui/src/components/stack.tsx">
        <metrics statements="17" coveredstatements="15" conditionals="10" coveredconditionals="7" methods="3" coveredmethods="3"/>
        <line num="30" count="6" type="cond" truecount="1" falsecount="1"/>
        <line num="31" count="26" type="stmt"/>
        <line num="32" count="26" type="stmt"/>
        <line num="34" count="26" type="stmt"/>
        <line num="35" count="26" type="stmt"/>
        <line num="36" count="36" type="stmt"/>
        <line num="37" count="36" type="cond" truecount="2" falsecount="0"/>
        <line num="38" count="10" type="cond" truecount="1" falsecount="1"/>
        <line num="39" count="10" type="stmt"/>
        <line num="41" count="0" type="stmt"/>
        <line num="45" count="36" type="cond" truecount="1" falsecount="1"/>
        <line num="46" count="36" type="stmt"/>
        <line num="47" count="36" type="stmt"/>
        <line num="48" count="36" type="cond" truecount="2" falsecount="0"/>
        <line num="49" count="36" type="stmt"/>
        <line num="53" count="0" type="stmt"/>
        <line num="56" count="26" type="stmt"/>
      </file>
    </package>
    <package name="src.hooks">
      <metrics statements="32" coveredstatements="20" conditionals="27" coveredconditionals="11" methods="5" coveredmethods="4"/>
      <file name="useResolveColor.ts" path="/Users/liorshaposhnikov/Documents/ScouterUI/scouter-ui/src/hooks/useResolveColor.ts">
        <metrics statements="18" coveredstatements="11" conditionals="23" coveredconditionals="10" methods="2" coveredmethods="2"/>
        <line num="33" count="7" type="stmt"/>
        <line num="38" count="38" type="stmt"/>
        <line num="40" count="38" type="stmt"/>
        <line num="41" count="38" type="cond" truecount="1" falsecount="1"/>
        <line num="42" count="0" type="stmt"/>
        <line num="44" count="38" type="cond" truecount="3" falsecount="1"/>
        <line num="45" count="38" type="stmt"/>
        <line num="46" count="38" type="cond" truecount="3" falsecount="1"/>
        <line num="47" count="0" type="cond" truecount="0" falsecount="4"/>
        <line num="48" count="0" type="stmt"/>
        <line num="50" count="0" type="stmt"/>
        <line num="52" count="38" type="cond" truecount="1" falsecount="1"/>
        <line num="53" count="38" type="stmt"/>
        <line num="54" count="38" type="cond" truecount="1" falsecount="1"/>
        <line num="55" count="0" type="cond" truecount="0" falsecount="4"/>
        <line num="56" count="0" type="stmt"/>
        <line num="60" count="0" type="stmt"/>
        <line num="63" count="38" type="stmt"/>
      </file>
      <file name="useStateCallback.ts" path="/Users/liorshaposhnikov/Documents/ScouterUI/scouter-ui/src/hooks/useStateCallback.ts">
        <metrics statements="14" coveredstatements="9" conditionals="4" coveredconditionals="1" methods="3" coveredmethods="2"/>
        <line num="36" count="3" type="stmt"/>
        <line num="37" count="3" type="stmt"/>
        <line num="38" count="3" type="stmt"/>
        <line num="40" count="3" type="stmt"/>
        <line num="41" count="0" type="stmt"/>
        <line num="42" count="0" type="stmt"/>
        <line num="45" count="3" type="stmt"/>
        <line num="46" count="3" type="cond" truecount="1" falsecount="1"/>
        <line num="47" count="3" type="stmt"/>
        <line num="48" count="3" type="stmt"/>
        <line num="50" count="0" type="cond" truecount="0" falsecount="2"/>
        <line num="51" count="0" type="stmt"/>
        <line num="52" count="0" type="stmt"/>
        <line num="56" count="3" type="stmt"/>
      </file>
    </package>
    <package name="src.ui">
      <metrics statements="2" coveredstatements="2" conditionals="0" coveredconditionals="0" methods="0" coveredmethods="0"/>
      <file name="ScouterDictionaries.ts" path="/Users/liorshaposhnikov/Documents/ScouterUI/scouter-ui/src/ui/ScouterDictionaries.ts">
        <metrics statements="2" coveredstatements="2" conditionals="0" coveredconditionals="0" methods="0" coveredmethods="0"/>
        <line num="19" count="5" type="stmt"/>
        <line num="32" count="5" type="stmt"/>
      </file>
    </package>
    <package name="src.ui.Button">
      <metrics statements="12" coveredstatements="10" conditionals="19" coveredconditionals="12" methods="4" coveredmethods="1"/>
      <file name="index.tsx" path="/Users/liorshaposhnikov/Documents/ScouterUI/scouter-ui/src/ui/Button/index.tsx">
        <metrics statements="12" coveredstatements="10" conditionals="19" coveredconditionals="12" methods="4" coveredmethods="1"/>
        <line num="42" count="3" type="stmt"/>
        <line num="43" count="3" type="stmt"/>
        <line num="56" count="16" type="stmt"/>
        <line num="58" count="16" type="stmt"/>
        <line num="59" count="16" type="cond" truecount="3" falsecount="1"/>
        <line num="60" count="16" type="cond" truecount="1" falsecount="3"/>
        <line num="61" count="16" type="cond" truecount="1" falsecount="3"/>
        <line num="62" count="16" type="stmt"/>
        <line num="64" count="16" type="stmt"/>
        <line num="68" count="16" type="stmt"/>
        <line num="73" count="0" type="stmt"/>
        <line num="76" count="0" type="stmt"/>
      </file>
    </package>
    <package name="src.ui.ButtonGroup">
      <metrics statements="10" coveredstatements="10" conditionals="24" coveredconditionals="23" methods="2" coveredmethods="2"/>
      <file name="index.tsx" path="/Users/liorshaposhnikov/Documents/ScouterUI/scouter-ui/src/ui/ButtonGroup/index.tsx">
        <metrics statements="10" coveredstatements="10" conditionals="24" coveredconditionals="23" methods="2" coveredmethods="2"/>
        <line num="29" count="1" type="cond" truecount="2" falsecount="0"/>
        <line num="31" count="5" type="stmt"/>
        <line num="33" count="5" type="stmt"/>
        <line num="34" count="11" type="stmt"/>
        <line num="35" count="11" type="stmt"/>
        <line num="37" count="11" type="stmt"/>
        <line num="44" count="11" type="stmt"/>
        <line num="52" count="11" type="cond" truecount="2" falsecount="0"/>
        <line num="53" count="11" type="stmt"/>
        <line num="58" count="5" type="stmt"/>
      </file>
    </package>
    <package name="src.ui.Checkbox">
      <metrics statements="17" coveredstatements="12" conditionals="19" coveredconditionals="12" methods="6" coveredmethods="2"/>
      <file name="index.tsx" path="/Users/liorshaposhnikov/Documents/ScouterUI/scouter-ui/src/ui/Checkbox/index.tsx">
        <metrics statements="17" coveredstatements="12" conditionals="19" coveredconditionals="12" methods="6" coveredmethods="2"/>
        <line num="49" count="1" type="stmt"/>
        <line num="64" count="1" type="stmt"/>
        <line num="65" count="1" type="stmt"/>
        <line num="66" count="1" type="stmt"/>
        <line num="67" count="1" type="stmt"/>
        <line num="68" count="1" type="stmt"/>
        <line num="69" count="1" type="stmt"/>
        <line num="70" count="1" type="stmt"/>
        <line num="72" count="1" type="stmt"/>
        <line num="73" count="1" type="stmt"/>
        <line num="75" count="1" type="stmt"/>
        <line num="76" count="0" type="cond" truecount="0" falsecount="1"/>
        <line num="77" count="0" type="stmt"/>
        <line num="78" count="0" type="stmt"/>
        <line num="79" count="0" type="stmt"/>
        <line num="80" count="0" type="stmt"/>
        <line num="85" count="1" type="stmt"/>
      </file>
    </package>
    <package name="src.ui.Counter">
      <metrics statements="13" coveredstatements="6" conditionals="3" coveredconditionals="1" methods="7" coveredmethods="1"/>
      <file name="index.tsx" path="/Users/liorshaposhnikov/Documents/ScouterUI/scouter-ui/src/ui/Counter/index.tsx">
        <metrics statements="13" coveredstatements="6" conditionals="3" coveredconditionals="1" methods="7" coveredmethods="1"/>
        <line num="42" count="1" type="cond" truecount="1" falsecount="0"/>
        <line num="43" count="1" type="stmt"/>
        <line num="44" count="1" type="stmt"/>
        <line num="46" count="1" type="stmt"/>
        <line num="48" count="0" type="stmt"/>
        <line num="49" count="0" type="stmt"/>
        <line num="54" count="1" type="stmt"/>
        <line num="56" count="0" type="cond" truecount="0" falsecount="2"/>
        <line num="57" count="0" type="stmt"/>
        <line num="58" count="0" type="stmt"/>
        <line num="64" count="1" type="stmt"/>
        <line num="72" count="0" type="stmt"/>
        <line num="85" count="0" type="stmt"/>
      </file>
    </package>
    <package name="src.ui.Heading">
      <metrics statements="4" coveredstatements="4" conditionals="3" coveredconditionals="3" methods="1" coveredmethods="1"/>
      <file name="index.tsx" path="/Users/liorshaposhnikov/Documents/ScouterUI/scouter-ui/src/ui/Heading/index.tsx">
        <metrics statements="4" coveredstatements="4" conditionals="3" coveredconditionals="3" methods="1" coveredmethods="1"/>
        <line num="31" count="5" type="cond" truecount="3" falsecount="0"/>
        <line num="32" count="15" type="stmt"/>
        <line num="34" count="15" type="stmt"/>
        <line num="40" count="15" type="stmt"/>
      </file>
    </package>
    <package name="src.ui.RadioButton">
      <metrics statements="14" coveredstatements="10" conditionals="9" coveredconditionals="7" methods="5" coveredmethods="1"/>
      <file name="index.tsx" path="/Users/liorshaposhnikov/Documents/ScouterUI/scouter-ui/src/ui/RadioButton/index.tsx">
        <metrics statements="14" coveredstatements="10" conditionals="9" coveredconditionals="7" methods="5" coveredmethods="1"/>
        <line num="44" count="1" type="stmt"/>
        <line num="56" count="1" type="stmt"/>
        <line num="57" count="1" type="stmt"/>
        <line num="58" count="1" type="stmt"/>
        <line num="60" count="1" type="stmt"/>
        <line num="61" count="1" type="stmt"/>
        <line num="63" count="1" type="stmt"/>
        <line num="66" count="1" type="stmt"/>
        <line num="70" count="1" type="stmt"/>
        <line num="71" count="0" type="stmt"/>
        <line num="72" count="0" type="stmt"/>
        <line num="73" count="0" type="stmt"/>
        <line num="78" count="0" type="stmt"/>
        <line num="86" count="1" type="stmt"/>
      </file>
    </package>
    <package name="src.ui.Stack">
      <metrics statements="18" coveredstatements="16" conditionals="8" coveredconditionals="6" methods="3" coveredmethods="3"/>
      <file name="index.tsx" path="/Users/liorshaposhnikov/Documents/ScouterUI/scouter-ui/src/ui/Stack/index.tsx">
        <metrics statements="18" coveredstatements="16" conditionals="8" coveredconditionals="6" methods="3" coveredmethods="3"/>
        <line num="30" count="5" type="cond" truecount="1" falsecount="1"/>
        <line num="31" count="25" type="stmt"/>
        <line num="32" count="25" type="stmt"/>
        <line num="34" count="25" type="stmt"/>
        <line num="35" count="25" type="stmt"/>
        <line num="36" count="35" type="stmt"/>
        <line num="37" count="35" type="cond" truecount="1" falsecount="0"/>
        <line num="38" count="10" type="cond" truecount="1" falsecount="1"/>
        <line num="39" count="10" type="stmt"/>
        <line num="41" count="0" type="stmt"/>
        <line num="45" count="35" type="cond" truecount="1" falsecount="0"/>
        <line num="46" count="35" type="stmt"/>
        <line num="47" count="35" type="stmt"/>
        <line num="48" count="35" type="stmt"/>
        <line num="49" count="35" type="cond" truecount="2" falsecount="0"/>
        <line num="50" count="35" type="stmt"/>
        <line num="54" count="0" type="stmt"/>
        <line num="57" count="25" type="stmt"/>
      </file>
    </package>
  </project>
</coverage>
