{"/Users/liorshaposhnikov/Documents/ScouterUI/scouter-ui/src/ScouterUIProvider.tsx": {"path":"/Users/liorshaposhnikov/Documents/ScouterUI/scouter-ui/src/ScouterUIProvider.tsx","statementMap":{"0":{"start":{"line":24,"column":26},"end":{"line":26,"column":1}},"1":{"start":{"line":25,"column":1},"end":{"line":25,"column":87}}},"fnMap":{"0":{"name":"(anonymous_0)","decl":{"start":{"line":24,"column":26},"end":{"line":24,"column":27}},"loc":{"start":{"line":24,"column":68},"end":{"line":26,"column":1}},"line":24}},"branchMap":{},"s":{"0":9,"1":17},"f":{"0":17},"b":{},"_coverageSchema":"1a1c01bbd47fc00a2c39e90264f33305004495a9","hash":"9931ca654617c3454246d6cd18c9a6e79fae9981"}
,"/Users/liorshaposhnikov/Documents/ScouterUI/scouter-ui/src/ScouterUITheme.ts": {"path":"/Users/liorshaposhnikov/Documents/ScouterUI/scouter-ui/src/ScouterUITheme.ts","statementMap":{"0":{"start":{"line":19,"column":32},"end":{"line":99,"column":1}}},"fnMap":{},"branchMap":{},"s":{"0":9},"f":{},"b":{},"_coverageSchema":"1a1c01bbd47fc00a2c39e90264f33305004495a9","hash":"e57c2db6b87fdf6e4086a3ee48ce7e150d076f8f"}
,"/Users/liorshaposhnikov/Documents/ScouterUI/scouter-ui/src/hooks/useResolveColor.ts": {"path":"/Users/liorshaposhnikov/Documents/ScouterUI/scouter-ui/src/hooks/useResolveColor.ts","statementMap":{"0":{"start":{"line":33,"column":24},"end":{"line":65,"column":1}},"1":{"start":{"line":38,"column":15},"end":{"line":38,"column":36}},"2":{"start":{"line":40,"column":1},"end":{"line":64,"column":46}},"3":{"start":{"line":41,"column":2},"end":{"line":43,"column":3}},"4":{"start":{"line":42,"column":3},"end":{"line":42,"column":46}},"5":{"start":{"line":44,"column":2},"end":{"line":44,"column":59}},"6":{"start":{"line":44,"column":43},"end":{"line":44,"column":59}},"7":{"start":{"line":45,"column":29},"end":{"line":45,"column":94}},"8":{"start":{"line":46,"column":2},"end":{"line":51,"column":3}},"9":{"start":{"line":47,"column":3},"end":{"line":49,"column":4}},"10":{"start":{"line":48,"column":4},"end":{"line":48,"column":104}},"11":{"start":{"line":50,"column":3},"end":{"line":50,"column":19}},"12":{"start":{"line":52,"column":24},"end":{"line":52,"column":38}},"13":{"start":{"line":53,"column":21},"end":{"line":53,"column":61}},"14":{"start":{"line":54,"column":2},"end":{"line":61,"column":3}},"15":{"start":{"line":55,"column":3},"end":{"line":59,"column":4}},"16":{"start":{"line":56,"column":4},"end":{"line":58,"column":6}},"17":{"start":{"line":60,"column":3},"end":{"line":60,"column":19}},"18":{"start":{"line":63,"column":2},"end":{"line":63,"column":28}}},"fnMap":{"0":{"name":"(anonymous_0)","decl":{"start":{"line":33,"column":24},"end":{"line":33,"column":25}},"loc":{"start":{"line":37,"column":13},"end":{"line":65,"column":1}},"line":37},"1":{"name":"(anonymous_1)","decl":{"start":{"line":40,"column":16},"end":{"line":40,"column":17}},"loc":{"start":{"line":40,"column":22},"end":{"line":64,"column":2}},"line":40}},"branchMap":{"0":{"loc":{"start":{"line":35,"column":1},"end":{"line":35,"column":27}},"type":"default-arg","locations":[{"start":{"line":35,"column":20},"end":{"line":35,"column":27}}],"line":35},"1":{"loc":{"start":{"line":41,"column":2},"end":{"line":43,"column":3}},"type":"if","locations":[{"start":{"line":41,"column":2},"end":{"line":43,"column":3}},{"start":{},"end":{}}],"line":41},"2":{"loc":{"start":{"line":44,"column":2},"end":{"line":44,"column":59}},"type":"if","locations":[{"start":{"line":44,"column":2},"end":{"line":44,"column":59}},{"start":{},"end":{}}],"line":44},"3":{"loc":{"start":{"line":44,"column":6},"end":{"line":44,"column":41}},"type":"binary-expr","locations":[{"start":{"line":44,"column":6},"end":{"line":44,"column":12}},{"start":{"line":44,"column":16},"end":{"line":44,"column":41}}],"line":44},"4":{"loc":{"start":{"line":46,"column":2},"end":{"line":51,"column":3}},"type":"if","locations":[{"start":{"line":46,"column":2},"end":{"line":51,"column":3}},{"start":{},"end":{}}],"line":46},"5":{"loc":{"start":{"line":46,"column":6},"end":{"line":46,"column":47}},"type":"binary-expr","locations":[{"start":{"line":46,"column":6},"end":{"line":46,"column":19}},{"start":{"line":46,"column":23},"end":{"line":46,"column":47}}],"line":46},"6":{"loc":{"start":{"line":47,"column":3},"end":{"line":49,"column":4}},"type":"if","locations":[{"start":{"line":47,"column":3},"end":{"line":49,"column":4}},{"start":{},"end":{}}],"line":47},"7":{"loc":{"start":{"line":47,"column":7},"end":{"line":47,"column":48}},"type":"binary-expr","locations":[{"start":{"line":47,"column":7},"end":{"line":47,"column":37}},{"start":{"line":47,"column":41},"end":{"line":47,"column":48}}],"line":47},"8":{"loc":{"start":{"line":52,"column":24},"end":{"line":52,"column":38}},"type":"binary-expr","locations":[{"start":{"line":52,"column":24},"end":{"line":52,"column":29}},{"start":{"line":52,"column":33},"end":{"line":52,"column":38}}],"line":52},"9":{"loc":{"start":{"line":54,"column":2},"end":{"line":61,"column":3}},"type":"if","locations":[{"start":{"line":54,"column":2},"end":{"line":61,"column":3}},{"start":{},"end":{}}],"line":54},"10":{"loc":{"start":{"line":55,"column":3},"end":{"line":59,"column":4}},"type":"if","locations":[{"start":{"line":55,"column":3},"end":{"line":59,"column":4}},{"start":{},"end":{}}],"line":55},"11":{"loc":{"start":{"line":55,"column":7},"end":{"line":55,"column":48}},"type":"binary-expr","locations":[{"start":{"line":55,"column":7},"end":{"line":55,"column":37}},{"start":{"line":55,"column":41},"end":{"line":55,"column":48}}],"line":55}},"s":{"0":8,"1":42,"2":42,"3":42,"4":0,"5":42,"6":0,"7":42,"8":42,"9":0,"10":0,"11":0,"12":42,"13":42,"14":42,"15":0,"16":0,"17":0,"18":42},"f":{"0":42,"1":42},"b":{"0":[42],"1":[0,42],"2":[0,42],"3":[42,42],"4":[0,42],"5":[42,42],"6":[0,0],"7":[0,0],"8":[42,0],"9":[0,42],"10":[0,0],"11":[0,0]},"_coverageSchema":"1a1c01bbd47fc00a2c39e90264f33305004495a9","hash":"1550f3154d33a9c3b120247899e14b2d3fcdf935"}
,"/Users/liorshaposhnikov/Documents/ScouterUI/scouter-ui/src/hooks/useStateCallback.ts": {"path":"/Users/liorshaposhnikov/Documents/ScouterUI/scouter-ui/src/hooks/useStateCallback.ts","statementMap":{"0":{"start":{"line":36,"column":27},"end":{"line":36,"column":52}},"1":{"start":{"line":37,"column":21},"end":{"line":37,"column":63}},"2":{"start":{"line":38,"column":29},"end":{"line":38,"column":50}},"3":{"start":{"line":40,"column":55},"end":{"line":43,"column":7}},"4":{"start":{"line":41,"column":2},"end":{"line":41,"column":33}},"5":{"start":{"line":42,"column":2},"end":{"line":42,"column":27}},"6":{"start":{"line":45,"column":1},"end":{"line":54,"column":13}},"7":{"start":{"line":46,"column":2},"end":{"line":49,"column":3}},"8":{"start":{"line":47,"column":3},"end":{"line":47,"column":39}},"9":{"start":{"line":48,"column":3},"end":{"line":48,"column":10}},"10":{"start":{"line":50,"column":2},"end":{"line":53,"column":3}},"11":{"start":{"line":51,"column":3},"end":{"line":51,"column":30}},"12":{"start":{"line":52,"column":3},"end":{"line":52,"column":35}},"13":{"start":{"line":56,"column":1},"end":{"line":56,"column":38}}},"fnMap":{"0":{"name":"useStateWithCallback","decl":{"start":{"line":35,"column":9},"end":{"line":35,"column":29}},"loc":{"start":{"line":35,"column":92},"end":{"line":57,"column":1}},"line":35},"1":{"name":"(anonymous_1)","decl":{"start":{"line":40,"column":67},"end":{"line":40,"column":68}},"loc":{"start":{"line":40,"column":97},"end":{"line":43,"column":2}},"line":40},"2":{"name":"(anonymous_2)","decl":{"start":{"line":45,"column":11},"end":{"line":45,"column":12}},"loc":{"start":{"line":45,"column":17},"end":{"line":54,"column":2}},"line":45}},"branchMap":{"0":{"loc":{"start":{"line":46,"column":2},"end":{"line":49,"column":3}},"type":"if","locations":[{"start":{"line":46,"column":2},"end":{"line":49,"column":3}},{"start":{},"end":{}}],"line":46},"1":{"loc":{"start":{"line":50,"column":2},"end":{"line":53,"column":3}},"type":"if","locations":[{"start":{"line":50,"column":2},"end":{"line":53,"column":3}},{"start":{},"end":{}}],"line":50}},"s":{"0":3,"1":3,"2":3,"3":3,"4":0,"5":0,"6":3,"7":3,"8":3,"9":3,"10":0,"11":0,"12":0,"13":3},"f":{"0":3,"1":0,"2":3},"b":{"0":[3,0],"1":[0,0]},"_coverageSchema":"1a1c01bbd47fc00a2c39e90264f33305004495a9","hash":"714addccd3503e4ff5f7b0f9b382a97f4590e395"}
,"/Users/liorshaposhnikov/Documents/ScouterUI/scouter-ui/src/ui/ScouterDictionaries.ts": {"path":"/Users/liorshaposhnikov/Documents/ScouterUI/scouter-ui/src/ui/ScouterDictionaries.ts","statementMap":{"0":{"start":{"line":19,"column":55},"end":{"line":31,"column":1}},"1":{"start":{"line":32,"column":67},"end":{"line":40,"column":1}}},"fnMap":{},"branchMap":{},"s":{"0":8,"1":8},"f":{},"b":{},"_coverageSchema":"1a1c01bbd47fc00a2c39e90264f33305004495a9","hash":"90d2fdf5d2b2b121eb81f94d67762c45d6097576"}
,"/Users/liorshaposhnikov/Documents/ScouterUI/scouter-ui/src/ui/Alert/index.tsx": {"path":"/Users/liorshaposhnikov/Documents/ScouterUI/scouter-ui/src/ui/Alert/index.tsx","statementMap":{"0":{"start":{"line":31,"column":36},"end":{"line":114,"column":1}},"1":{"start":{"line":32,"column":43},"end":{"line":32,"column":61}},"2":{"start":{"line":33,"column":15},"end":{"line":33,"column":36}},"3":{"start":{"line":35,"column":21},"end":{"line":46,"column":2}},"4":{"start":{"line":36,"column":2},"end":{"line":45,"column":3}},"5":{"start":{"line":38,"column":4},"end":{"line":38,"column":23}},"6":{"start":{"line":40,"column":4},"end":{"line":40,"column":27}},"7":{"start":{"line":42,"column":4},"end":{"line":42,"column":19}},"8":{"start":{"line":44,"column":4},"end":{"line":44,"column":26}},"9":{"start":{"line":48,"column":23},"end":{"line":75,"column":2}},"10":{"start":{"line":49,"column":2},"end":{"line":74,"column":3}},"11":{"start":{"line":51,"column":4},"end":{"line":55,"column":6}},"12":{"start":{"line":57,"column":4},"end":{"line":61,"column":6}},"13":{"start":{"line":63,"column":4},"end":{"line":67,"column":6}},"14":{"start":{"line":69,"column":4},"end":{"line":73,"column":6}},"15":{"start":{"line":77,"column":16},"end":{"line":77,"column":35}},"16":{"start":{"line":78,"column":1},"end":{"line":89,"column":31}},"17":{"start":{"line":79,"column":2},"end":{"line":84,"column":3}},"18":{"start":{"line":80,"column":19},"end":{"line":82,"column":11}},"19":{"start":{"line":81,"column":4},"end":{"line":81,"column":15}},"20":{"start":{"line":83,"column":3},"end":{"line":83,"column":38}},"21":{"start":{"line":83,"column":16},"end":{"line":83,"column":37}},"22":{"start":{"line":85,"column":19},"end":{"line":87,"column":10}},"23":{"start":{"line":86,"column":3},"end":{"line":86,"column":57}},"24":{"start":{"line":86,"column":31},"end":{"line":86,"column":54}},"25":{"start":{"line":88,"column":2},"end":{"line":88,"column":39}},"26":{"start":{"line":88,"column":15},"end":{"line":88,"column":38}},"27":{"start":{"line":91,"column":1},"end":{"line":113,"column":3}},"28":{"start":{"line":116,"column":23},"end":{"line":129,"column":1}},"29":{"start":{"line":118,"column":35},"end":{"line":118,"column":56}},"30":{"start":{"line":120,"column":31},"end":{"line":120,"column":48}},"31":{"start":{"line":131,"column":18},"end":{"line":135,"column":1}},"32":{"start":{"line":134,"column":24},"end":{"line":134,"column":39}}},"fnMap":{"0":{"name":"(anonymous_0)","decl":{"start":{"line":31,"column":36},"end":{"line":31,"column":37}},"loc":{"start":{"line":31,"column":122},"end":{"line":114,"column":1}},"line":31},"1":{"name":"(anonymous_1)","decl":{"start":{"line":35,"column":21},"end":{"line":35,"column":22}},"loc":{"start":{"line":35,"column":97},"end":{"line":46,"column":2}},"line":35},"2":{"name":"(anonymous_2)","decl":{"start":{"line":48,"column":23},"end":{"line":48,"column":24}},"loc":{"start":{"line":48,"column":41},"end":{"line":75,"column":2}},"line":48},"3":{"name":"(anonymous_3)","decl":{"start":{"line":78,"column":11},"end":{"line":78,"column":12}},"loc":{"start":{"line":78,"column":17},"end":{"line":89,"column":2}},"line":78},"4":{"name":"(anonymous_4)","decl":{"start":{"line":80,"column":30},"end":{"line":80,"column":31}},"loc":{"start":{"line":80,"column":36},"end":{"line":82,"column":4}},"line":80},"5":{"name":"(anonymous_5)","decl":{"start":{"line":83,"column":10},"end":{"line":83,"column":11}},"loc":{"start":{"line":83,"column":16},"end":{"line":83,"column":37}},"line":83},"6":{"name":"(anonymous_6)","decl":{"start":{"line":85,"column":31},"end":{"line":85,"column":32}},"loc":{"start":{"line":85,"column":37},"end":{"line":87,"column":3}},"line":85},"7":{"name":"(anonymous_7)","decl":{"start":{"line":86,"column":20},"end":{"line":86,"column":21}},"loc":{"start":{"line":86,"column":31},"end":{"line":86,"column":54}},"line":86},"8":{"name":"(anonymous_8)","decl":{"start":{"line":88,"column":9},"end":{"line":88,"column":10}},"loc":{"start":{"line":88,"column":15},"end":{"line":88,"column":38}},"line":88},"9":{"name":"(anonymous_9)","decl":{"start":{"line":118,"column":24},"end":{"line":118,"column":25}},"loc":{"start":{"line":118,"column":35},"end":{"line":118,"column":56}},"line":118},"10":{"name":"(anonymous_10)","decl":{"start":{"line":120,"column":20},"end":{"line":120,"column":21}},"loc":{"start":{"line":120,"column":31},"end":{"line":120,"column":48}},"line":120},"11":{"name":"(anonymous_11)","decl":{"start":{"line":134,"column":13},"end":{"line":134,"column":14}},"loc":{"start":{"line":134,"column":24},"end":{"line":134,"column":39}},"line":134}},"branchMap":{"0":{"loc":{"start":{"line":31,"column":39},"end":{"line":31,"column":62}},"type":"default-arg","locations":[{"start":{"line":31,"column":47},"end":{"line":31,"column":62}}],"line":31},"1":{"loc":{"start":{"line":31,"column":64},"end":{"line":31,"column":79}},"type":"default-arg","locations":[{"start":{"line":31,"column":75},"end":{"line":31,"column":79}}],"line":31},"2":{"loc":{"start":{"line":31,"column":92},"end":{"line":31,"column":105}},"type":"default-arg","locations":[{"start":{"line":31,"column":99},"end":{"line":31,"column":105}}],"line":31},"3":{"loc":{"start":{"line":36,"column":2},"end":{"line":45,"column":3}},"type":"switch","locations":[{"start":{"line":37,"column":3},"end":{"line":38,"column":23}},{"start":{"line":39,"column":3},"end":{"line":40,"column":27}},{"start":{"line":41,"column":3},"end":{"line":42,"column":19}},{"start":{"line":43,"column":3},"end":{"line":44,"column":26}}],"line":36},"4":{"loc":{"start":{"line":49,"column":2},"end":{"line":74,"column":3}},"type":"switch","locations":[{"start":{"line":50,"column":3},"end":{"line":55,"column":6}},{"start":{"line":56,"column":3},"end":{"line":61,"column":6}},{"start":{"line":62,"column":3},"end":{"line":67,"column":6}},{"start":{"line":68,"column":3},"end":{"line":73,"column":6}}],"line":49},"5":{"loc":{"start":{"line":79,"column":2},"end":{"line":84,"column":3}},"type":"if","locations":[{"start":{"line":79,"column":2},"end":{"line":84,"column":3}},{"start":{},"end":{}}],"line":79},"6":{"loc":{"start":{"line":86,"column":31},"end":{"line":86,"column":54}},"type":"cond-expr","locations":[{"start":{"line":86,"column":42},"end":{"line":86,"column":50}},{"start":{"line":86,"column":53},"end":{"line":86,"column":54}}],"line":86}},"s":{"0":1,"1":1,"2":1,"3":1,"4":1,"5":0,"6":0,"7":0,"8":1,"9":1,"10":1,"11":0,"12":0,"13":0,"14":1,"15":1,"16":1,"17":1,"18":0,"19":0,"20":0,"21":0,"22":1,"23":0,"24":0,"25":1,"26":1,"27":1,"28":1,"29":1,"30":1,"31":1,"32":1},"f":{"0":1,"1":1,"2":1,"3":1,"4":0,"5":0,"6":0,"7":0,"8":1,"9":1,"10":1,"11":1},"b":{"0":[0],"1":[0],"2":[0],"3":[0,0,0,1],"4":[0,0,0,1],"5":[0,1],"6":[0,0]},"_coverageSchema":"1a1c01bbd47fc00a2c39e90264f33305004495a9","hash":"438a33269bdfd72727e34082b52004ca14f2a3f9"}
,"/Users/liorshaposhnikov/Documents/ScouterUI/scouter-ui/src/ui/Button/index.tsx": {"path":"/Users/liorshaposhnikov/Documents/ScouterUI/scouter-ui/src/ui/Button/index.tsx","statementMap":{"0":{"start":{"line":41,"column":26},"end":{"line":41,"column":69}},"1":{"start":{"line":42,"column":38},"end":{"line":106,"column":1}},"2":{"start":{"line":54,"column":5},"end":{"line":54,"column":10}},"3":{"start":{"line":56,"column":23},"end":{"line":56,"column":45}},"4":{"start":{"line":57,"column":25},"end":{"line":57,"column":98}},"5":{"start":{"line":58,"column":21},"end":{"line":58,"column":96}},"6":{"start":{"line":59,"column":19},"end":{"line":59,"column":94}},"7":{"start":{"line":60,"column":21},"end":{"line":60,"column":38}},"8":{"start":{"line":62,"column":29},"end":{"line":64,"column":4}},"9":{"start":{"line":62,"column":53},"end":{"line":64,"column":2}},"10":{"start":{"line":66,"column":1},"end":{"line":105,"column":3}},"11":{"start":{"line":71,"column":4},"end":{"line":71,"column":60}},"12":{"start":{"line":74,"column":4},"end":{"line":74,"column":58}}},"fnMap":{"0":{"name":"(anonymous_0)","decl":{"start":{"line":42,"column":38},"end":{"line":42,"column":39}},"loc":{"start":{"line":42,"column":49},"end":{"line":106,"column":1}},"line":42},"1":{"name":"(anonymous_1)","decl":{"start":{"line":62,"column":46},"end":{"line":62,"column":47}},"loc":{"start":{"line":62,"column":53},"end":{"line":64,"column":2}},"line":62},"2":{"name":"(anonymous_2)","decl":{"start":{"line":70,"column":14},"end":{"line":70,"column":15}},"loc":{"start":{"line":70,"column":20},"end":{"line":72,"column":4}},"line":70},"3":{"name":"(anonymous_3)","decl":{"start":{"line":73,"column":15},"end":{"line":73,"column":16}},"loc":{"start":{"line":73,"column":21},"end":{"line":75,"column":4}},"line":73}},"branchMap":{"0":{"loc":{"start":{"line":44,"column":2},"end":{"line":44,"column":20}},"type":"default-arg","locations":[{"start":{"line":44,"column":10},"end":{"line":44,"column":20}}],"line":44},"1":{"loc":{"start":{"line":47,"column":2},"end":{"line":47,"column":19}},"type":"default-arg","locations":[{"start":{"line":47,"column":12},"end":{"line":47,"column":19}}],"line":47},"2":{"loc":{"start":{"line":48,"column":2},"end":{"line":48,"column":18}},"type":"default-arg","locations":[{"start":{"line":48,"column":13},"end":{"line":48,"column":18}}],"line":48},"3":{"loc":{"start":{"line":57,"column":25},"end":{"line":57,"column":98}},"type":"cond-expr","locations":[{"start":{"line":57,"column":48},"end":{"line":57,"column":81}},{"start":{"line":57,"column":85},"end":{"line":57,"column":98}}],"line":57},"4":{"loc":{"start":{"line":57,"column":48},"end":{"line":57,"column":81}},"type":"cond-expr","locations":[{"start":{"line":57,"column":59},"end":{"line":57,"column":65}},{"start":{"line":57,"column":68},"end":{"line":57,"column":81}}],"line":57},"5":{"loc":{"start":{"line":58,"column":21},"end":{"line":58,"column":96}},"type":"cond-expr","locations":[{"start":{"line":58,"column":46},"end":{"line":58,"column":79}},{"start":{"line":58,"column":83},"end":{"line":58,"column":96}}],"line":58},"6":{"loc":{"start":{"line":58,"column":46},"end":{"line":58,"column":79}},"type":"cond-expr","locations":[{"start":{"line":58,"column":57},"end":{"line":58,"column":63}},{"start":{"line":58,"column":66},"end":{"line":58,"column":79}}],"line":58},"7":{"loc":{"start":{"line":59,"column":19},"end":{"line":59,"column":94}},"type":"cond-expr","locations":[{"start":{"line":59,"column":41},"end":{"line":59,"column":51}},{"start":{"line":59,"column":54},"end":{"line":59,"column":94}}],"line":59},"8":{"loc":{"start":{"line":59,"column":54},"end":{"line":59,"column":94}},"type":"cond-expr","locations":[{"start":{"line":59,"column":65},"end":{"line":59,"column":75}},{"start":{"line":59,"column":78},"end":{"line":59,"column":94}}],"line":59},"9":{"loc":{"start":{"line":93,"column":5},"end":{"line":93,"column":17}},"type":"binary-expr","locations":[{"start":{"line":93,"column":5},"end":{"line":93,"column":9}},{"start":{"line":93,"column":13},"end":{"line":93,"column":17}}],"line":93},"10":{"loc":{"start":{"line":94,"column":5},"end":{"line":102,"column":5}},"type":"binary-expr","locations":[{"start":{"line":94,"column":5},"end":{"line":94,"column":13}},{"start":{"line":95,"column":5},"end":{"line":101,"column":15}}],"line":94}},"s":{"0":4,"1":4,"2":17,"3":17,"4":17,"5":17,"6":17,"7":17,"8":17,"9":17,"10":17,"11":0,"12":0},"f":{"0":17,"1":17,"2":0,"3":0},"b":{"0":[6],"1":[6],"2":[16],"3":[17,0],"4":[1,16],"5":[0,17],"6":[0,0],"7":[17,0],"8":[0,0],"9":[17,2],"10":[17,15]},"_coverageSchema":"1a1c01bbd47fc00a2c39e90264f33305004495a9","hash":"5cd5b1d5ac02bc235ce1d2f44d177122101c7584"}
,"/Users/liorshaposhnikov/Documents/ScouterUI/scouter-ui/src/ui/ButtonGroup/index.tsx": {"path":"/Users/liorshaposhnikov/Documents/ScouterUI/scouter-ui/src/ui/ButtonGroup/index.tsx","statementMap":{"0":{"start":{"line":29,"column":48},"end":{"line":67,"column":1}},"1":{"start":{"line":31,"column":23},"end":{"line":31,"column":108}},"2":{"start":{"line":33,"column":26},"end":{"line":56,"column":3}},"3":{"start":{"line":34,"column":18},"end":{"line":34,"column":29}},"4":{"start":{"line":35,"column":17},"end":{"line":35,"column":51}},"5":{"start":{"line":37,"column":42},"end":{"line":42,"column":3}},"6":{"start":{"line":44,"column":45},"end":{"line":49,"column":3}},"7":{"start":{"line":52,"column":24},"end":{"line":52,"column":47}},"8":{"start":{"line":53,"column":2},"end":{"line":55,"column":5}},"9":{"start":{"line":58,"column":1},"end":{"line":66,"column":3}}},"fnMap":{"0":{"name":"(anonymous_0)","decl":{"start":{"line":29,"column":48},"end":{"line":29,"column":49}},"loc":{"start":{"line":29,"column":104},"end":{"line":67,"column":1}},"line":29},"1":{"name":"(anonymous_1)","decl":{"start":{"line":33,"column":44},"end":{"line":33,"column":45}},"loc":{"start":{"line":33,"column":62},"end":{"line":56,"column":2}},"line":33}},"branchMap":{"0":{"loc":{"start":{"line":29,"column":61},"end":{"line":29,"column":78}},"type":"default-arg","locations":[{"start":{"line":29,"column":69},"end":{"line":29,"column":78}}],"line":29},"1":{"loc":{"start":{"line":29,"column":80},"end":{"line":29,"column":97}},"type":"default-arg","locations":[{"start":{"line":29,"column":92},"end":{"line":29,"column":97}}],"line":29},"2":{"loc":{"start":{"line":38,"column":27},"end":{"line":38,"column":43}},"type":"cond-expr","locations":[{"start":{"line":38,"column":37},"end":{"line":38,"column":39}},{"start":{"line":38,"column":42},"end":{"line":38,"column":43}}],"line":38},"3":{"loc":{"start":{"line":39,"column":28},"end":{"line":39,"column":43}},"type":"cond-expr","locations":[{"start":{"line":39,"column":37},"end":{"line":39,"column":39}},{"start":{"line":39,"column":42},"end":{"line":39,"column":43}}],"line":39},"4":{"loc":{"start":{"line":40,"column":24},"end":{"line":40,"column":40}},"type":"cond-expr","locations":[{"start":{"line":40,"column":34},"end":{"line":40,"column":36}},{"start":{"line":40,"column":39},"end":{"line":40,"column":40}}],"line":40},"5":{"loc":{"start":{"line":41,"column":25},"end":{"line":41,"column":40}},"type":"cond-expr","locations":[{"start":{"line":41,"column":34},"end":{"line":41,"column":36}},{"start":{"line":41,"column":39},"end":{"line":41,"column":40}}],"line":41},"6":{"loc":{"start":{"line":45,"column":27},"end":{"line":45,"column":42}},"type":"cond-expr","locations":[{"start":{"line":45,"column":37},"end":{"line":45,"column":38}},{"start":{"line":45,"column":41},"end":{"line":45,"column":42}}],"line":45},"7":{"loc":{"start":{"line":46,"column":28},"end":{"line":46,"column":42}},"type":"cond-expr","locations":[{"start":{"line":46,"column":37},"end":{"line":46,"column":38}},{"start":{"line":46,"column":41},"end":{"line":46,"column":42}}],"line":46},"8":{"loc":{"start":{"line":47,"column":24},"end":{"line":47,"column":39}},"type":"cond-expr","locations":[{"start":{"line":47,"column":34},"end":{"line":47,"column":35}},{"start":{"line":47,"column":38},"end":{"line":47,"column":39}}],"line":47},"9":{"loc":{"start":{"line":48,"column":25},"end":{"line":48,"column":39}},"type":"cond-expr","locations":[{"start":{"line":48,"column":34},"end":{"line":48,"column":35}},{"start":{"line":48,"column":38},"end":{"line":48,"column":39}}],"line":48},"10":{"loc":{"start":{"line":52,"column":24},"end":{"line":52,"column":47}},"type":"binary-expr","locations":[{"start":{"line":52,"column":24},"end":{"line":52,"column":41}},{"start":{"line":52,"column":45},"end":{"line":52,"column":47}}],"line":52},"11":{"loc":{"start":{"line":54,"column":26},"end":{"line":54,"column":97}},"type":"cond-expr","locations":[{"start":{"line":54,"column":51},"end":{"line":54,"column":74}},{"start":{"line":54,"column":77},"end":{"line":54,"column":97}}],"line":54},"12":{"loc":{"start":{"line":62,"column":56},"end":{"line":62,"column":67}},"type":"binary-expr","locations":[{"start":{"line":62,"column":56},"end":{"line":62,"column":61}},{"start":{"line":62,"column":65},"end":{"line":62,"column":67}}],"line":62}},"s":{"0":1,"1":5,"2":5,"3":11,"4":11,"5":11,"6":11,"7":11,"8":11,"9":5},"f":{"0":5,"1":11},"b":{"0":[5],"1":[5],"2":[5,6],"3":[5,6],"4":[5,6],"5":[5,6],"6":[5,6],"7":[5,6],"8":[5,6],"9":[5,6],"10":[11,11],"11":[0,11],"12":[5,5]},"_coverageSchema":"1a1c01bbd47fc00a2c39e90264f33305004495a9","hash":"f6ecb86111b5754bb8ded38c2898c2057e65db70"}
,"/Users/liorshaposhnikov/Documents/ScouterUI/scouter-ui/src/ui/Checkbox/index.tsx": {"path":"/Users/liorshaposhnikov/Documents/ScouterUI/scouter-ui/src/ui/Checkbox/index.tsx","statementMap":{"0":{"start":{"line":49,"column":42},"end":{"line":136,"column":1}},"1":{"start":{"line":64,"column":31},"end":{"line":64,"column":71}},"2":{"start":{"line":65,"column":23},"end":{"line":65,"column":45}},"3":{"start":{"line":66,"column":22},"end":{"line":66,"column":42}},"4":{"start":{"line":67,"column":18},"end":{"line":67,"column":82}},"5":{"start":{"line":67,"column":32},"end":{"line":67,"column":65}},"6":{"start":{"line":68,"column":19},"end":{"line":68,"column":36}},"7":{"start":{"line":69,"column":18},"end":{"line":69,"column":35}},"8":{"start":{"line":71,"column":27},"end":{"line":71,"column":96}},"9":{"start":{"line":71,"column":51},"end":{"line":71,"column":94}},"10":{"start":{"line":72,"column":26},"end":{"line":72,"column":94}},"11":{"start":{"line":72,"column":50},"end":{"line":72,"column":92}},"12":{"start":{"line":74,"column":25},"end":{"line":82,"column":73}},"13":{"start":{"line":75,"column":2},"end":{"line":81,"column":3}},"14":{"start":{"line":76,"column":3},"end":{"line":80,"column":6}},"15":{"start":{"line":77,"column":4},"end":{"line":77,"column":31}},"16":{"start":{"line":78,"column":4},"end":{"line":78,"column":83}},"17":{"start":{"line":79,"column":4},"end":{"line":79,"column":116}},"18":{"start":{"line":84,"column":1},"end":{"line":135,"column":3}}},"fnMap":{"0":{"name":"(anonymous_0)","decl":{"start":{"line":49,"column":42},"end":{"line":49,"column":43}},"loc":{"start":{"line":63,"column":6},"end":{"line":136,"column":1}},"line":63},"1":{"name":"(anonymous_1)","decl":{"start":{"line":67,"column":26},"end":{"line":67,"column":27}},"loc":{"start":{"line":67,"column":32},"end":{"line":67,"column":65}},"line":67},"2":{"name":"(anonymous_2)","decl":{"start":{"line":71,"column":44},"end":{"line":71,"column":45}},"loc":{"start":{"line":71,"column":51},"end":{"line":71,"column":94}},"line":71},"3":{"name":"(anonymous_3)","decl":{"start":{"line":72,"column":43},"end":{"line":72,"column":44}},"loc":{"start":{"line":72,"column":50},"end":{"line":72,"column":92}},"line":72},"4":{"name":"(anonymous_4)","decl":{"start":{"line":74,"column":37},"end":{"line":74,"column":38}},"loc":{"start":{"line":74,"column":43},"end":{"line":82,"column":2}},"line":74},"5":{"name":"(anonymous_5)","decl":{"start":{"line":76,"column":24},"end":{"line":76,"column":25}},"loc":{"start":{"line":76,"column":45},"end":{"line":80,"column":4}},"line":76}},"branchMap":{"0":{"loc":{"start":{"line":50,"column":1},"end":{"line":50,"column":17}},"type":"default-arg","locations":[{"start":{"line":50,"column":12},"end":{"line":50,"column":17}}],"line":50},"1":{"loc":{"start":{"line":52,"column":1},"end":{"line":52,"column":12}},"type":"default-arg","locations":[{"start":{"line":52,"column":8},"end":{"line":52,"column":12}}],"line":52},"2":{"loc":{"start":{"line":53,"column":1},"end":{"line":53,"column":19}},"type":"default-arg","locations":[{"start":{"line":53,"column":9},"end":{"line":53,"column":19}}],"line":53},"3":{"loc":{"start":{"line":54,"column":1},"end":{"line":54,"column":17}},"type":"default-arg","locations":[{"start":{"line":54,"column":11},"end":{"line":54,"column":17}}],"line":54},"4":{"loc":{"start":{"line":55,"column":1},"end":{"line":55,"column":27}},"type":"default-arg","locations":[{"start":{"line":55,"column":9},"end":{"line":55,"column":27}}],"line":55},"5":{"loc":{"start":{"line":56,"column":1},"end":{"line":56,"column":23}},"type":"default-arg","locations":[{"start":{"line":56,"column":19},"end":{"line":56,"column":23}}],"line":56},"6":{"loc":{"start":{"line":57,"column":1},"end":{"line":57,"column":18}},"type":"default-arg","locations":[{"start":{"line":57,"column":13},"end":{"line":57,"column":18}}],"line":57},"7":{"loc":{"start":{"line":58,"column":1},"end":{"line":58,"column":16}},"type":"default-arg","locations":[{"start":{"line":58,"column":11},"end":{"line":58,"column":16}}],"line":58},"8":{"loc":{"start":{"line":75,"column":2},"end":{"line":81,"column":3}},"type":"if","locations":[{"start":{"line":75,"column":2},"end":{"line":81,"column":3}},{"start":{},"end":{}}],"line":75},"9":{"loc":{"start":{"line":105,"column":44},"end":{"line":105,"column":122}},"type":"cond-expr","locations":[{"start":{"line":105,"column":66},"end":{"line":105,"column":105}},{"start":{"line":105,"column":109},"end":{"line":105,"column":122}}],"line":105},"10":{"loc":{"start":{"line":105,"column":66},"end":{"line":105,"column":105}},"type":"cond-expr","locations":[{"start":{"line":105,"column":76},"end":{"line":105,"column":89}},{"start":{"line":105,"column":92},"end":{"line":105,"column":105}}],"line":105},"11":{"loc":{"start":{"line":113,"column":6},"end":{"line":121,"column":6}},"type":"binary-expr","locations":[{"start":{"line":113,"column":6},"end":{"line":113,"column":13}},{"start":{"line":114,"column":6},"end":{"line":120,"column":22}}],"line":113},"12":{"loc":{"start":{"line":117,"column":15},"end":{"line":117,"column":58}},"type":"cond-expr","locations":[{"start":{"line":117,"column":36},"end":{"line":117,"column":42}},{"start":{"line":117,"column":45},"end":{"line":117,"column":58}}],"line":117},"13":{"loc":{"start":{"line":124,"column":4},"end":{"line":133,"column":4}},"type":"binary-expr","locations":[{"start":{"line":124,"column":4},"end":{"line":124,"column":17}},{"start":{"line":125,"column":4},"end":{"line":132,"column":14}}],"line":124}},"s":{"0":1,"1":1,"2":1,"3":1,"4":1,"5":1,"6":1,"7":1,"8":1,"9":1,"10":1,"11":1,"12":1,"13":0,"14":0,"15":0,"16":0,"17":0,"18":1},"f":{"0":1,"1":1,"2":1,"3":1,"4":0,"5":0},"b":{"0":[1],"1":[1],"2":[1],"3":[1],"4":[1],"5":[1],"6":[1],"7":[1],"8":[0,0],"9":[1,0],"10":[0,1],"11":[1,0],"12":[0,0],"13":[1,0]},"_coverageSchema":"1a1c01bbd47fc00a2c39e90264f33305004495a9","hash":"604988432dd2504381730924ade52a5ea14cc470"}
,"/Users/liorshaposhnikov/Documents/ScouterUI/scouter-ui/src/ui/Counter/index.tsx": {"path":"/Users/liorshaposhnikov/Documents/ScouterUI/scouter-ui/src/ui/Counter/index.tsx","statementMap":{"0":{"start":{"line":42,"column":16},"end":{"line":97,"column":1}},"1":{"start":{"line":43,"column":27},"end":{"line":43,"column":69}},"2":{"start":{"line":44,"column":19},"end":{"line":44,"column":46}},"3":{"start":{"line":46,"column":1},"end":{"line":52,"column":3}},"4":{"start":{"line":48,"column":9},"end":{"line":50,"column":3}},"5":{"start":{"line":49,"column":19},"end":{"line":49,"column":24}},"6":{"start":{"line":54,"column":27},"end":{"line":62,"column":2}},"7":{"start":{"line":56,"column":24},"end":{"line":56,"column":68}},"8":{"start":{"line":57,"column":3},"end":{"line":59,"column":6}},"9":{"start":{"line":58,"column":4},"end":{"line":58,"column":25}},"10":{"start":{"line":64,"column":1},"end":{"line":96,"column":3}},"11":{"start":{"line":72,"column":19},"end":{"line":72,"column":49}},"12":{"start":{"line":85,"column":19},"end":{"line":85,"column":49}}},"fnMap":{"0":{"name":"(anonymous_0)","decl":{"start":{"line":42,"column":16},"end":{"line":42,"column":17}},"loc":{"start":{"line":42,"column":98},"end":{"line":97,"column":1}},"line":42},"1":{"name":"(anonymous_1)","decl":{"start":{"line":48,"column":2},"end":{"line":48,"column":3}},"loc":{"start":{"line":48,"column":9},"end":{"line":50,"column":3}},"line":48},"2":{"name":"(anonymous_2)","decl":{"start":{"line":49,"column":13},"end":{"line":49,"column":14}},"loc":{"start":{"line":49,"column":19},"end":{"line":49,"column":24}},"line":49},"3":{"name":"(anonymous_3)","decl":{"start":{"line":55,"column":2},"end":{"line":55,"column":3}},"loc":{"start":{"line":55,"column":39},"end":{"line":60,"column":3}},"line":55},"4":{"name":"(anonymous_4)","decl":{"start":{"line":57,"column":26},"end":{"line":57,"column":27}},"loc":{"start":{"line":57,"column":40},"end":{"line":59,"column":4}},"line":57},"5":{"name":"(anonymous_5)","decl":{"start":{"line":72,"column":13},"end":{"line":72,"column":14}},"loc":{"start":{"line":72,"column":19},"end":{"line":72,"column":49}},"line":72},"6":{"name":"(anonymous_6)","decl":{"start":{"line":85,"column":13},"end":{"line":85,"column":14}},"loc":{"start":{"line":85,"column":19},"end":{"line":85,"column":49}},"line":85}},"branchMap":{"0":{"loc":{"start":{"line":42,"column":46},"end":{"line":42,"column":62}},"type":"default-arg","locations":[{"start":{"line":42,"column":61},"end":{"line":42,"column":62}}],"line":42},"1":{"loc":{"start":{"line":56,"column":24},"end":{"line":56,"column":68}},"type":"cond-expr","locations":[{"start":{"line":56,"column":47},"end":{"line":56,"column":56}},{"start":{"line":56,"column":59},"end":{"line":56,"column":68}}],"line":56}},"s":{"0":1,"1":1,"2":1,"3":1,"4":0,"5":0,"6":1,"7":0,"8":0,"9":0,"10":1,"11":0,"12":0},"f":{"0":1,"1":0,"2":0,"3":0,"4":0,"5":0,"6":0},"b":{"0":[1],"1":[0,0]},"_coverageSchema":"1a1c01bbd47fc00a2c39e90264f33305004495a9","hash":"d570a85f37a15687b7fa969cf097a6d223c6fb22"}
,"/Users/liorshaposhnikov/Documents/ScouterUI/scouter-ui/src/ui/Heading/index.tsx": {"path":"/Users/liorshaposhnikov/Documents/ScouterUI/scouter-ui/src/ui/Heading/index.tsx","statementMap":{"0":{"start":{"line":31,"column":40},"end":{"line":41,"column":1}},"1":{"start":{"line":32,"column":23},"end":{"line":32,"column":45}},"2":{"start":{"line":34,"column":19},"end":{"line":38,"column":3}},"3":{"start":{"line":40,"column":1},"end":{"line":40,"column":59}}},"fnMap":{"0":{"name":"(anonymous_0)","decl":{"start":{"line":31,"column":40},"end":{"line":31,"column":41}},"loc":{"start":{"line":31,"column":117},"end":{"line":41,"column":1}},"line":31}},"branchMap":{"0":{"loc":{"start":{"line":31,"column":43},"end":{"line":31,"column":54}},"type":"default-arg","locations":[{"start":{"line":31,"column":50},"end":{"line":31,"column":54}}],"line":31},"1":{"loc":{"start":{"line":31,"column":56},"end":{"line":31,"column":73}},"type":"default-arg","locations":[{"start":{"line":31,"column":65},"end":{"line":31,"column":73}}],"line":31},"2":{"loc":{"start":{"line":31,"column":75},"end":{"line":31,"column":93}},"type":"default-arg","locations":[{"start":{"line":31,"column":83},"end":{"line":31,"column":93}}],"line":31}},"s":{"0":8,"1":22,"2":22,"3":22},"f":{"0":22},"b":{"0":[17],"1":[18],"2":[3]},"_coverageSchema":"1a1c01bbd47fc00a2c39e90264f33305004495a9","hash":"8f70cab8d5bfcf4778b972c956717e50d92086d6"}
,"/Users/liorshaposhnikov/Documents/ScouterUI/scouter-ui/src/ui/RadioButton/index.tsx": {"path":"/Users/liorshaposhnikov/Documents/ScouterUI/scouter-ui/src/ui/RadioButton/index.tsx","statementMap":{"0":{"start":{"line":44,"column":48},"end":{"line":140,"column":1}},"1":{"start":{"line":56,"column":31},"end":{"line":56,"column":71}},"2":{"start":{"line":57,"column":26},"end":{"line":57,"column":43}},"3":{"start":{"line":58,"column":31},"end":{"line":58,"column":48}},"4":{"start":{"line":60,"column":26},"end":{"line":60,"column":48}},"5":{"start":{"line":61,"column":25},"end":{"line":61,"column":45}},"6":{"start":{"line":63,"column":34},"end":{"line":65,"column":4}},"7":{"start":{"line":63,"column":58},"end":{"line":65,"column":2}},"8":{"start":{"line":66,"column":39},"end":{"line":68,"column":4}},"9":{"start":{"line":66,"column":63},"end":{"line":68,"column":2}},"10":{"start":{"line":70,"column":28},"end":{"line":84,"column":76}},"11":{"start":{"line":71,"column":2},"end":{"line":83,"column":5}},"12":{"start":{"line":72,"column":3},"end":{"line":72,"column":23}},"13":{"start":{"line":73,"column":3},"end":{"line":77,"column":5}},"14":{"start":{"line":78,"column":3},"end":{"line":82,"column":5}},"15":{"start":{"line":86,"column":1},"end":{"line":139,"column":3}}},"fnMap":{"0":{"name":"(anonymous_0)","decl":{"start":{"line":44,"column":48},"end":{"line":44,"column":49}},"loc":{"start":{"line":55,"column":6},"end":{"line":140,"column":1}},"line":55},"1":{"name":"(anonymous_1)","decl":{"start":{"line":63,"column":51},"end":{"line":63,"column":52}},"loc":{"start":{"line":63,"column":58},"end":{"line":65,"column":2}},"line":63},"2":{"name":"(anonymous_2)","decl":{"start":{"line":66,"column":56},"end":{"line":66,"column":57}},"loc":{"start":{"line":66,"column":63},"end":{"line":68,"column":2}},"line":66},"3":{"name":"(anonymous_3)","decl":{"start":{"line":70,"column":40},"end":{"line":70,"column":41}},"loc":{"start":{"line":70,"column":46},"end":{"line":84,"column":2}},"line":70},"4":{"name":"(anonymous_4)","decl":{"start":{"line":71,"column":23},"end":{"line":71,"column":24}},"loc":{"start":{"line":71,"column":37},"end":{"line":83,"column":3}},"line":71}},"branchMap":{"0":{"loc":{"start":{"line":50,"column":1},"end":{"line":50,"column":19}},"type":"default-arg","locations":[{"start":{"line":50,"column":9},"end":{"line":50,"column":19}}],"line":50},"1":{"loc":{"start":{"line":51,"column":1},"end":{"line":51,"column":18}},"type":"default-arg","locations":[{"start":{"line":51,"column":13},"end":{"line":51,"column":18}}],"line":51},"2":{"loc":{"start":{"line":52,"column":1},"end":{"line":52,"column":31}},"type":"default-arg","locations":[{"start":{"line":52,"column":9},"end":{"line":52,"column":31}}],"line":52},"3":{"loc":{"start":{"line":53,"column":1},"end":{"line":53,"column":17}},"type":"default-arg","locations":[{"start":{"line":53,"column":12},"end":{"line":53,"column":17}}],"line":53},"4":{"loc":{"start":{"line":54,"column":1},"end":{"line":54,"column":12}},"type":"default-arg","locations":[{"start":{"line":54,"column":8},"end":{"line":54,"column":12}}],"line":54},"5":{"loc":{"start":{"line":113,"column":6},"end":{"line":125,"column":6}},"type":"binary-expr","locations":[{"start":{"line":113,"column":6},"end":{"line":113,"column":13}},{"start":{"line":114,"column":6},"end":{"line":124,"column":8}}],"line":113},"6":{"loc":{"start":{"line":128,"column":4},"end":{"line":137,"column":4}},"type":"binary-expr","locations":[{"start":{"line":128,"column":4},"end":{"line":128,"column":20}},{"start":{"line":129,"column":4},"end":{"line":136,"column":14}}],"line":128}},"s":{"0":1,"1":1,"2":1,"3":1,"4":1,"5":1,"6":1,"7":1,"8":1,"9":1,"10":1,"11":0,"12":0,"13":0,"14":0,"15":1},"f":{"0":1,"1":1,"2":1,"3":0,"4":0},"b":{"0":[1],"1":[1],"2":[1],"3":[1],"4":[1],"5":[1,0],"6":[1,0]},"_coverageSchema":"1a1c01bbd47fc00a2c39e90264f33305004495a9","hash":"b9dbc39c5d0bcdbcfafa25349893a63aa217d6b6"}
,"/Users/liorshaposhnikov/Documents/ScouterUI/scouter-ui/src/ui/Stack/index.tsx": {"path":"/Users/liorshaposhnikov/Documents/ScouterUI/scouter-ui/src/ui/Stack/index.tsx","statementMap":{"0":{"start":{"line":29,"column":36},"end":{"line":65,"column":1}},"1":{"start":{"line":30,"column":17},"end":{"line":30,"column":79}},"2":{"start":{"line":30,"column":31},"end":{"line":30,"column":71}},"3":{"start":{"line":31,"column":15},"end":{"line":31,"column":34}},"4":{"start":{"line":33,"column":23},"end":{"line":33,"column":55}},"5":{"start":{"line":34,"column":24},"end":{"line":54,"column":3}},"6":{"start":{"line":35,"column":32},"end":{"line":35,"column":34}},"7":{"start":{"line":36,"column":2},"end":{"line":42,"column":3}},"8":{"start":{"line":37,"column":3},"end":{"line":41,"column":4}},"9":{"start":{"line":38,"column":4},"end":{"line":38,"column":36}},"10":{"start":{"line":40,"column":4},"end":{"line":40,"column":35}},"11":{"start":{"line":44,"column":2},"end":{"line":51,"column":3}},"12":{"start":{"line":45,"column":19},"end":{"line":45,"column":94}},"13":{"start":{"line":46,"column":25},"end":{"line":46,"column":45}},"14":{"start":{"line":47,"column":23},"end":{"line":47,"column":81}},"15":{"start":{"line":48,"column":3},"end":{"line":50,"column":6}},"16":{"start":{"line":53,"column":2},"end":{"line":53,"column":15}},"17":{"start":{"line":56,"column":1},"end":{"line":64,"column":3}}},"fnMap":{"0":{"name":"(anonymous_0)","decl":{"start":{"line":29,"column":36},"end":{"line":29,"column":37}},"loc":{"start":{"line":29,"column":106},"end":{"line":65,"column":1}},"line":29},"1":{"name":"(anonymous_1)","decl":{"start":{"line":30,"column":25},"end":{"line":30,"column":26}},"loc":{"start":{"line":30,"column":31},"end":{"line":30,"column":71}},"line":30},"2":{"name":"(anonymous_2)","decl":{"start":{"line":34,"column":42},"end":{"line":34,"column":43}},"loc":{"start":{"line":34,"column":58},"end":{"line":54,"column":2}},"line":34}},"branchMap":{"0":{"loc":{"start":{"line":29,"column":39},"end":{"line":29,"column":56}},"type":"default-arg","locations":[{"start":{"line":29,"column":51},"end":{"line":29,"column":56}}],"line":29},"1":{"loc":{"start":{"line":29,"column":58},"end":{"line":29,"column":68}},"type":"default-arg","locations":[{"start":{"line":29,"column":64},"end":{"line":29,"column":68}}],"line":29},"2":{"loc":{"start":{"line":36,"column":2},"end":{"line":42,"column":3}},"type":"if","locations":[{"start":{"line":36,"column":2},"end":{"line":42,"column":3}},{"start":{},"end":{}}],"line":36},"3":{"loc":{"start":{"line":37,"column":3},"end":{"line":41,"column":4}},"type":"if","locations":[{"start":{"line":37,"column":3},"end":{"line":41,"column":4}},{"start":{"line":39,"column":10},"end":{"line":41,"column":4}}],"line":37},"4":{"loc":{"start":{"line":44,"column":2},"end":{"line":51,"column":3}},"type":"if","locations":[{"start":{"line":44,"column":2},"end":{"line":51,"column":3}},{"start":{},"end":{}}],"line":44},"5":{"loc":{"start":{"line":47,"column":23},"end":{"line":47,"column":81}},"type":"cond-expr","locations":[{"start":{"line":47,"column":39},"end":{"line":47,"column":66}},{"start":{"line":47,"column":69},"end":{"line":47,"column":81}}],"line":47}},"s":{"0":6,"1":26,"2":26,"3":26,"4":26,"5":26,"6":36,"7":36,"8":10,"9":10,"10":0,"11":36,"12":36,"13":36,"14":36,"15":36,"16":0,"17":26},"f":{"0":26,"1":26,"2":36},"b":{"0":[18],"1":[0],"2":[10,26],"3":[10,0],"4":[36,0],"5":[13,23]},"_coverageSchema":"1a1c01bbd47fc00a2c39e90264f33305004495a9","hash":"eb8c1a9e551f6335c9ea19f3ed2a552448d9b7db"}
,"/Users/liorshaposhnikov/Documents/ScouterUI/scouter-ui/src/ui/TextField/TextFieldError.tsx": {"path":"/Users/liorshaposhnikov/Documents/ScouterUI/scouter-ui/src/ui/TextField/TextFieldError.tsx","statementMap":{"0":{"start":{"line":29,"column":54},"end":{"line":47,"column":1}},"1":{"start":{"line":30,"column":15},"end":{"line":30,"column":36}},"2":{"start":{"line":31,"column":1},"end":{"line":46,"column":3}},"3":{"start":{"line":49,"column":18},"end":{"line":52,"column":1}}},"fnMap":{"0":{"name":"(anonymous_0)","decl":{"start":{"line":29,"column":54},"end":{"line":29,"column":55}},"loc":{"start":{"line":29,"column":83},"end":{"line":47,"column":1}},"line":29}},"branchMap":{},"s":{"0":1,"1":1,"2":1,"3":1},"f":{"0":1},"b":{},"_coverageSchema":"1a1c01bbd47fc00a2c39e90264f33305004495a9","hash":"045fd89dd1031156f3b78462cbbf12218c499977"}
,"/Users/liorshaposhnikov/Documents/ScouterUI/scouter-ui/src/ui/TextField/TextFieldHelper.tsx": {"path":"/Users/liorshaposhnikov/Documents/ScouterUI/scouter-ui/src/ui/TextField/TextFieldHelper.tsx","statementMap":{"0":{"start":{"line":25,"column":56},"end":{"line":34,"column":1}},"1":{"start":{"line":26,"column":1},"end":{"line":33,"column":3}}},"fnMap":{"0":{"name":"(anonymous_0)","decl":{"start":{"line":25,"column":56},"end":{"line":25,"column":57}},"loc":{"start":{"line":25,"column":85},"end":{"line":34,"column":1}},"line":25}},"branchMap":{},"s":{"0":1,"1":1},"f":{"0":1},"b":{},"_coverageSchema":"1a1c01bbd47fc00a2c39e90264f33305004495a9","hash":"6a5b810e230dac9526d72bbbb9ddbf3528ce7a1c"}
,"/Users/liorshaposhnikov/Documents/ScouterUI/scouter-ui/src/ui/TextField/TextFieldLabel.tsx": {"path":"/Users/liorshaposhnikov/Documents/ScouterUI/scouter-ui/src/ui/TextField/TextFieldLabel.tsx","statementMap":{"0":{"start":{"line":26,"column":54},"end":{"line":36,"column":1}},"1":{"start":{"line":27,"column":1},"end":{"line":35,"column":3}}},"fnMap":{"0":{"name":"(anonymous_0)","decl":{"start":{"line":26,"column":54},"end":{"line":26,"column":55}},"loc":{"start":{"line":26,"column":90},"end":{"line":36,"column":1}},"line":26}},"branchMap":{},"s":{"0":1,"1":2},"f":{"0":2},"b":{},"_coverageSchema":"1a1c01bbd47fc00a2c39e90264f33305004495a9","hash":"5993f61e892140e8ff7cbd916df2d1bab54fb992"}
,"/Users/liorshaposhnikov/Documents/ScouterUI/scouter-ui/src/ui/TextField/index.tsx": {"path":"/Users/liorshaposhnikov/Documents/ScouterUI/scouter-ui/src/ui/TextField/index.tsx","statementMap":{"0":{"start":{"line":38,"column":44},"end":{"line":91,"column":1}},"1":{"start":{"line":50,"column":15},"end":{"line":50,"column":36}},"2":{"start":{"line":51,"column":18},"end":{"line":51,"column":32}},"3":{"start":{"line":54,"column":21},"end":{"line":62,"column":6}},"4":{"start":{"line":64,"column":1},"end":{"line":90,"column":3}},"5":{"start":{"line":93,"column":23},"end":{"line":96,"column":1}},"6":{"start":{"line":98,"column":21},"end":{"line":101,"column":1}},"7":{"start":{"line":103,"column":24},"end":{"line":124,"column":1}},"8":{"start":{"line":113,"column":32},"end":{"line":113,"column":155}},"9":{"start":{"line":114,"column":36},"end":{"line":114,"column":112}},"10":{"start":{"line":115,"column":25},"end":{"line":115,"column":101}},"11":{"start":{"line":122,"column":36},"end":{"line":122,"column":111}}},"fnMap":{"0":{"name":"(anonymous_0)","decl":{"start":{"line":38,"column":44},"end":{"line":38,"column":45}},"loc":{"start":{"line":49,"column":6},"end":{"line":91,"column":1}},"line":49},"1":{"name":"(anonymous_1)","decl":{"start":{"line":113,"column":20},"end":{"line":113,"column":21}},"loc":{"start":{"line":113,"column":32},"end":{"line":113,"column":155}},"line":113},"2":{"name":"(anonymous_2)","decl":{"start":{"line":114,"column":24},"end":{"line":114,"column":25}},"loc":{"start":{"line":114,"column":36},"end":{"line":114,"column":112}},"line":114},"3":{"name":"(anonymous_3)","decl":{"start":{"line":115,"column":13},"end":{"line":115,"column":14}},"loc":{"start":{"line":115,"column":25},"end":{"line":115,"column":101}},"line":115},"4":{"name":"(anonymous_4)","decl":{"start":{"line":122,"column":24},"end":{"line":122,"column":25}},"loc":{"start":{"line":122,"column":36},"end":{"line":122,"column":111}},"line":122}},"branchMap":{"0":{"loc":{"start":{"line":40,"column":1},"end":{"line":40,"column":17}},"type":"default-arg","locations":[{"start":{"line":40,"column":13},"end":{"line":40,"column":17}}],"line":40},"1":{"loc":{"start":{"line":41,"column":1},"end":{"line":41,"column":17}},"type":"default-arg","locations":[{"start":{"line":41,"column":12},"end":{"line":41,"column":17}}],"line":41},"2":{"loc":{"start":{"line":42,"column":1},"end":{"line":42,"column":17}},"type":"default-arg","locations":[{"start":{"line":42,"column":15},"end":{"line":42,"column":17}}],"line":42},"3":{"loc":{"start":{"line":44,"column":1},"end":{"line":44,"column":11}},"type":"default-arg","locations":[{"start":{"line":44,"column":9},"end":{"line":44,"column":11}}],"line":44},"4":{"loc":{"start":{"line":47,"column":1},"end":{"line":47,"column":17}},"type":"default-arg","locations":[{"start":{"line":47,"column":12},"end":{"line":47,"column":17}}],"line":47},"5":{"loc":{"start":{"line":54,"column":21},"end":{"line":62,"column":6}},"type":"cond-expr","locations":[{"start":{"line":55,"column":4},"end":{"line":61,"column":3}},{"start":{"line":62,"column":4},"end":{"line":62,"column":6}}],"line":54},"6":{"loc":{"start":{"line":66,"column":4},"end":{"line":74,"column":4}},"type":"binary-expr","locations":[{"start":{"line":66,"column":4},"end":{"line":66,"column":9}},{"start":{"line":67,"column":4},"end":{"line":73,"column":21}}],"line":66},"7":{"loc":{"start":{"line":69,"column":12},"end":{"line":69,"column":45}},"type":"cond-expr","locations":[{"start":{"line":69,"column":23},"end":{"line":69,"column":32}},{"start":{"line":69,"column":35},"end":{"line":69,"column":45}}],"line":69},"8":{"loc":{"start":{"line":72,"column":6},"end":{"line":72,"column":48}},"type":"binary-expr","locations":[{"start":{"line":72,"column":6},"end":{"line":72,"column":14}},{"start":{"line":72,"column":18},"end":{"line":72,"column":48}}],"line":72},"9":{"loc":{"start":{"line":87,"column":4},"end":{"line":87,"column":72}},"type":"binary-expr","locations":[{"start":{"line":87,"column":4},"end":{"line":87,"column":10}},{"start":{"line":87,"column":14},"end":{"line":87,"column":72}}],"line":87},"10":{"loc":{"start":{"line":88,"column":4},"end":{"line":88,"column":68}},"type":"binary-expr","locations":[{"start":{"line":88,"column":4},"end":{"line":88,"column":9}},{"start":{"line":88,"column":13},"end":{"line":88,"column":68}}],"line":88},"11":{"loc":{"start":{"line":113,"column":32},"end":{"line":113,"column":155}},"type":"cond-expr","locations":[{"start":{"line":113,"column":49},"end":{"line":113,"column":76}},{"start":{"line":113,"column":79},"end":{"line":113,"column":155}}],"line":113},"12":{"loc":{"start":{"line":113,"column":79},"end":{"line":113,"column":155}},"type":"cond-expr","locations":[{"start":{"line":113,"column":96},"end":{"line":113,"column":124}},{"start":{"line":113,"column":127},"end":{"line":113,"column":155}}],"line":113},"13":{"loc":{"start":{"line":114,"column":36},"end":{"line":114,"column":112}},"type":"cond-expr","locations":[{"start":{"line":114,"column":53},"end":{"line":114,"column":81}},{"start":{"line":114,"column":84},"end":{"line":114,"column":112}}],"line":114},"14":{"loc":{"start":{"line":115,"column":25},"end":{"line":115,"column":101}},"type":"cond-expr","locations":[{"start":{"line":115,"column":42},"end":{"line":115,"column":70}},{"start":{"line":115,"column":73},"end":{"line":115,"column":101}}],"line":115},"15":{"loc":{"start":{"line":122,"column":36},"end":{"line":122,"column":111}},"type":"cond-expr","locations":[{"start":{"line":122,"column":53},"end":{"line":122,"column":80}},{"start":{"line":122,"column":83},"end":{"line":122,"column":111}}],"line":122}},"s":{"0":1,"1":4,"2":4,"3":4,"4":4,"5":1,"6":1,"7":1,"8":4,"9":4,"10":4,"11":4},"f":{"0":4,"1":4,"2":4,"3":4,"4":4},"b":{"0":[4],"1":[3],"2":[1],"3":[0],"4":[3],"5":[3,1],"6":[4,2],"7":[1,1],"8":[2,1],"9":[4,1],"10":[4,1],"11":[1,3],"12":[1,2],"13":[1,3],"14":[1,3],"15":[1,3]},"_coverageSchema":"1a1c01bbd47fc00a2c39e90264f33305004495a9","hash":"51c4ff2e9cec1f7f7547da0a86f2fc0123260c7e"}
}
