{"/Users/liorshaposhnikov/Documents/ScouterUI/scouter-ui/src/ScouterUIProvider.tsx": {"path":"/Users/liorshaposhnikov/Documents/ScouterUI/scouter-ui/src/ScouterUIProvider.tsx","statementMap":{"0":{"start":{"line":24,"column":26},"end":{"line":26,"column":1}},"1":{"start":{"line":25,"column":1},"end":{"line":25,"column":87}}},"fnMap":{"0":{"name":"(anonymous_0)","decl":{"start":{"line":24,"column":26},"end":{"line":24,"column":27}},"loc":{"start":{"line":24,"column":68},"end":{"line":26,"column":1}},"line":24}},"branchMap":{},"s":{"0":7,"1":12},"f":{"0":12},"b":{},"_coverageSchema":"1a1c01bbd47fc00a2c39e90264f33305004495a9","hash":"9931ca654617c3454246d6cd18c9a6e79fae9981"}
,"/Users/liorshaposhnikov/Documents/ScouterUI/scouter-ui/src/ScouterUITheme.ts": {"path":"/Users/liorshaposhnikov/Documents/ScouterUI/scouter-ui/src/ScouterUITheme.ts","statementMap":{"0":{"start":{"line":19,"column":32},"end":{"line":99,"column":1}}},"fnMap":{},"branchMap":{},"s":{"0":7},"f":{},"b":{},"_coverageSchema":"1a1c01bbd47fc00a2c39e90264f33305004495a9","hash":"e57c2db6b87fdf6e4086a3ee48ce7e150d076f8f"}
,"/Users/liorshaposhnikov/Documents/ScouterUI/scouter-ui/src/components/button.tsx": {"path":"/Users/liorshaposhnikov/Documents/ScouterUI/scouter-ui/src/components/button.tsx","statementMap":{"0":{"start":{"line":42,"column":26},"end":{"line":42,"column":69}},"1":{"start":{"line":43,"column":38},"end":{"line":109,"column":1}},"2":{"start":{"line":56,"column":5},"end":{"line":56,"column":10}},"3":{"start":{"line":58,"column":23},"end":{"line":58,"column":45}},"4":{"start":{"line":59,"column":25},"end":{"line":59,"column":98}},"5":{"start":{"line":60,"column":21},"end":{"line":60,"column":96}},"6":{"start":{"line":61,"column":19},"end":{"line":61,"column":94}},"7":{"start":{"line":62,"column":21},"end":{"line":62,"column":38}},"8":{"start":{"line":64,"column":29},"end":{"line":66,"column":4}},"9":{"start":{"line":64,"column":53},"end":{"line":66,"column":2}},"10":{"start":{"line":68,"column":1},"end":{"line":108,"column":3}},"11":{"start":{"line":73,"column":4},"end":{"line":73,"column":60}},"12":{"start":{"line":76,"column":4},"end":{"line":76,"column":58}}},"fnMap":{"0":{"name":"(anonymous_0)","decl":{"start":{"line":43,"column":38},"end":{"line":43,"column":39}},"loc":{"start":{"line":43,"column":49},"end":{"line":109,"column":1}},"line":43},"1":{"name":"(anonymous_1)","decl":{"start":{"line":64,"column":46},"end":{"line":64,"column":47}},"loc":{"start":{"line":64,"column":53},"end":{"line":66,"column":2}},"line":64},"2":{"name":"(anonymous_2)","decl":{"start":{"line":72,"column":14},"end":{"line":72,"column":15}},"loc":{"start":{"line":72,"column":20},"end":{"line":74,"column":4}},"line":72},"3":{"name":"(anonymous_3)","decl":{"start":{"line":75,"column":15},"end":{"line":75,"column":16}},"loc":{"start":{"line":75,"column":21},"end":{"line":77,"column":4}},"line":75}},"branchMap":{"0":{"loc":{"start":{"line":45,"column":2},"end":{"line":45,"column":20}},"type":"default-arg","locations":[{"start":{"line":45,"column":10},"end":{"line":45,"column":20}}],"line":45},"1":{"loc":{"start":{"line":48,"column":2},"end":{"line":48,"column":19}},"type":"default-arg","locations":[{"start":{"line":48,"column":12},"end":{"line":48,"column":19}}],"line":48},"2":{"loc":{"start":{"line":49,"column":2},"end":{"line":49,"column":18}},"type":"default-arg","locations":[{"start":{"line":49,"column":13},"end":{"line":49,"column":18}}],"line":49},"3":{"loc":{"start":{"line":59,"column":25},"end":{"line":59,"column":98}},"type":"cond-expr","locations":[{"start":{"line":59,"column":48},"end":{"line":59,"column":81}},{"start":{"line":59,"column":85},"end":{"line":59,"column":98}}],"line":59},"4":{"loc":{"start":{"line":59,"column":48},"end":{"line":59,"column":81}},"type":"cond-expr","locations":[{"start":{"line":59,"column":59},"end":{"line":59,"column":65}},{"start":{"line":59,"column":68},"end":{"line":59,"column":81}}],"line":59},"5":{"loc":{"start":{"line":60,"column":21},"end":{"line":60,"column":96}},"type":"cond-expr","locations":[{"start":{"line":60,"column":46},"end":{"line":60,"column":79}},{"start":{"line":60,"column":83},"end":{"line":60,"column":96}}],"line":60},"6":{"loc":{"start":{"line":60,"column":46},"end":{"line":60,"column":79}},"type":"cond-expr","locations":[{"start":{"line":60,"column":57},"end":{"line":60,"column":63}},{"start":{"line":60,"column":66},"end":{"line":60,"column":79}}],"line":60},"7":{"loc":{"start":{"line":61,"column":19},"end":{"line":61,"column":94}},"type":"cond-expr","locations":[{"start":{"line":61,"column":41},"end":{"line":61,"column":51}},{"start":{"line":61,"column":54},"end":{"line":61,"column":94}}],"line":61},"8":{"loc":{"start":{"line":61,"column":54},"end":{"line":61,"column":94}},"type":"cond-expr","locations":[{"start":{"line":61,"column":65},"end":{"line":61,"column":75}},{"start":{"line":61,"column":78},"end":{"line":61,"column":94}}],"line":61},"9":{"loc":{"start":{"line":96,"column":5},"end":{"line":96,"column":17}},"type":"binary-expr","locations":[{"start":{"line":96,"column":5},"end":{"line":96,"column":9}},{"start":{"line":96,"column":13},"end":{"line":96,"column":17}}],"line":96},"10":{"loc":{"start":{"line":97,"column":5},"end":{"line":105,"column":5}},"type":"binary-expr","locations":[{"start":{"line":97,"column":5},"end":{"line":97,"column":13}},{"start":{"line":98,"column":5},"end":{"line":104,"column":15}}],"line":97}},"s":{"0":4,"1":4,"2":17,"3":17,"4":17,"5":17,"6":17,"7":17,"8":17,"9":0,"10":17,"11":0,"12":0},"f":{"0":17,"1":0,"2":0,"3":0},"b":{"0":[6],"1":[6],"2":[16],"3":[17,0],"4":[1,16],"5":[0,17],"6":[0,0],"7":[17,0],"8":[0,0],"9":[17,2],"10":[17,15]},"_coverageSchema":"1a1c01bbd47fc00a2c39e90264f33305004495a9","hash":"7557cfa93d63df80a719c20dc6a45c382c259f1b"}
,"/Users/liorshaposhnikov/Documents/ScouterUI/scouter-ui/src/components/buttonGroup.tsx": {"path":"/Users/liorshaposhnikov/Documents/ScouterUI/scouter-ui/src/components/buttonGroup.tsx","statementMap":{"0":{"start":{"line":29,"column":48},"end":{"line":67,"column":1}},"1":{"start":{"line":31,"column":23},"end":{"line":31,"column":108}},"2":{"start":{"line":33,"column":26},"end":{"line":56,"column":3}},"3":{"start":{"line":34,"column":18},"end":{"line":34,"column":29}},"4":{"start":{"line":35,"column":17},"end":{"line":35,"column":51}},"5":{"start":{"line":37,"column":42},"end":{"line":42,"column":3}},"6":{"start":{"line":44,"column":45},"end":{"line":49,"column":3}},"7":{"start":{"line":52,"column":24},"end":{"line":52,"column":47}},"8":{"start":{"line":53,"column":2},"end":{"line":55,"column":5}},"9":{"start":{"line":58,"column":1},"end":{"line":66,"column":3}}},"fnMap":{"0":{"name":"(anonymous_0)","decl":{"start":{"line":29,"column":48},"end":{"line":29,"column":49}},"loc":{"start":{"line":29,"column":104},"end":{"line":67,"column":1}},"line":29},"1":{"name":"(anonymous_1)","decl":{"start":{"line":33,"column":44},"end":{"line":33,"column":45}},"loc":{"start":{"line":33,"column":62},"end":{"line":56,"column":2}},"line":33}},"branchMap":{"0":{"loc":{"start":{"line":29,"column":61},"end":{"line":29,"column":78}},"type":"default-arg","locations":[{"start":{"line":29,"column":69},"end":{"line":29,"column":78}}],"line":29},"1":{"loc":{"start":{"line":29,"column":80},"end":{"line":29,"column":97}},"type":"default-arg","locations":[{"start":{"line":29,"column":92},"end":{"line":29,"column":97}}],"line":29},"2":{"loc":{"start":{"line":38,"column":27},"end":{"line":38,"column":43}},"type":"cond-expr","locations":[{"start":{"line":38,"column":37},"end":{"line":38,"column":39}},{"start":{"line":38,"column":42},"end":{"line":38,"column":43}}],"line":38},"3":{"loc":{"start":{"line":39,"column":28},"end":{"line":39,"column":43}},"type":"cond-expr","locations":[{"start":{"line":39,"column":37},"end":{"line":39,"column":39}},{"start":{"line":39,"column":42},"end":{"line":39,"column":43}}],"line":39},"4":{"loc":{"start":{"line":40,"column":24},"end":{"line":40,"column":40}},"type":"cond-expr","locations":[{"start":{"line":40,"column":34},"end":{"line":40,"column":36}},{"start":{"line":40,"column":39},"end":{"line":40,"column":40}}],"line":40},"5":{"loc":{"start":{"line":41,"column":25},"end":{"line":41,"column":40}},"type":"cond-expr","locations":[{"start":{"line":41,"column":34},"end":{"line":41,"column":36}},{"start":{"line":41,"column":39},"end":{"line":41,"column":40}}],"line":41},"6":{"loc":{"start":{"line":45,"column":27},"end":{"line":45,"column":42}},"type":"cond-expr","locations":[{"start":{"line":45,"column":37},"end":{"line":45,"column":38}},{"start":{"line":45,"column":41},"end":{"line":45,"column":42}}],"line":45},"7":{"loc":{"start":{"line":46,"column":28},"end":{"line":46,"column":42}},"type":"cond-expr","locations":[{"start":{"line":46,"column":37},"end":{"line":46,"column":38}},{"start":{"line":46,"column":41},"end":{"line":46,"column":42}}],"line":46},"8":{"loc":{"start":{"line":47,"column":24},"end":{"line":47,"column":39}},"type":"cond-expr","locations":[{"start":{"line":47,"column":34},"end":{"line":47,"column":35}},{"start":{"line":47,"column":38},"end":{"line":47,"column":39}}],"line":47},"9":{"loc":{"start":{"line":48,"column":25},"end":{"line":48,"column":39}},"type":"cond-expr","locations":[{"start":{"line":48,"column":34},"end":{"line":48,"column":35}},{"start":{"line":48,"column":38},"end":{"line":48,"column":39}}],"line":48},"10":{"loc":{"start":{"line":52,"column":24},"end":{"line":52,"column":47}},"type":"binary-expr","locations":[{"start":{"line":52,"column":24},"end":{"line":52,"column":41}},{"start":{"line":52,"column":45},"end":{"line":52,"column":47}}],"line":52},"11":{"loc":{"start":{"line":54,"column":26},"end":{"line":54,"column":97}},"type":"cond-expr","locations":[{"start":{"line":54,"column":51},"end":{"line":54,"column":74}},{"start":{"line":54,"column":77},"end":{"line":54,"column":97}}],"line":54},"12":{"loc":{"start":{"line":62,"column":56},"end":{"line":62,"column":67}},"type":"binary-expr","locations":[{"start":{"line":62,"column":56},"end":{"line":62,"column":61}},{"start":{"line":62,"column":65},"end":{"line":62,"column":67}}],"line":62}},"s":{"0":1,"1":5,"2":5,"3":11,"4":11,"5":11,"6":11,"7":11,"8":11,"9":5},"f":{"0":5,"1":11},"b":{"0":[5],"1":[5],"2":[5,6],"3":[5,6],"4":[5,6],"5":[5,6],"6":[5,6],"7":[5,6],"8":[5,6],"9":[5,6],"10":[11,11],"11":[0,11],"12":[5,5]},"_coverageSchema":"1a1c01bbd47fc00a2c39e90264f33305004495a9","hash":"833dd2a86dae4280a2f3f10443c634fb2c7083c6"}
,"/Users/liorshaposhnikov/Documents/ScouterUI/scouter-ui/src/components/checkbox.tsx": {"path":"/Users/liorshaposhnikov/Documents/ScouterUI/scouter-ui/src/components/checkbox.tsx","statementMap":{"0":{"start":{"line":49,"column":42},"end":{"line":137,"column":1}},"1":{"start":{"line":64,"column":31},"end":{"line":64,"column":71}},"2":{"start":{"line":65,"column":23},"end":{"line":65,"column":45}},"3":{"start":{"line":66,"column":22},"end":{"line":66,"column":42}},"4":{"start":{"line":67,"column":18},"end":{"line":67,"column":82}},"5":{"start":{"line":67,"column":32},"end":{"line":67,"column":65}},"6":{"start":{"line":68,"column":19},"end":{"line":68,"column":36}},"7":{"start":{"line":69,"column":18},"end":{"line":69,"column":35}},"8":{"start":{"line":70,"column":12},"end":{"line":70,"column":19}},"9":{"start":{"line":72,"column":27},"end":{"line":72,"column":96}},"10":{"start":{"line":72,"column":51},"end":{"line":72,"column":94}},"11":{"start":{"line":73,"column":26},"end":{"line":73,"column":94}},"12":{"start":{"line":73,"column":50},"end":{"line":73,"column":92}},"13":{"start":{"line":75,"column":25},"end":{"line":83,"column":73}},"14":{"start":{"line":76,"column":2},"end":{"line":82,"column":3}},"15":{"start":{"line":77,"column":3},"end":{"line":81,"column":6}},"16":{"start":{"line":78,"column":4},"end":{"line":78,"column":31}},"17":{"start":{"line":79,"column":4},"end":{"line":79,"column":83}},"18":{"start":{"line":80,"column":4},"end":{"line":80,"column":116}},"19":{"start":{"line":85,"column":1},"end":{"line":136,"column":3}}},"fnMap":{"0":{"name":"(anonymous_0)","decl":{"start":{"line":49,"column":42},"end":{"line":49,"column":43}},"loc":{"start":{"line":63,"column":6},"end":{"line":137,"column":1}},"line":63},"1":{"name":"(anonymous_1)","decl":{"start":{"line":67,"column":26},"end":{"line":67,"column":27}},"loc":{"start":{"line":67,"column":32},"end":{"line":67,"column":65}},"line":67},"2":{"name":"(anonymous_2)","decl":{"start":{"line":72,"column":44},"end":{"line":72,"column":45}},"loc":{"start":{"line":72,"column":51},"end":{"line":72,"column":94}},"line":72},"3":{"name":"(anonymous_3)","decl":{"start":{"line":73,"column":43},"end":{"line":73,"column":44}},"loc":{"start":{"line":73,"column":50},"end":{"line":73,"column":92}},"line":73},"4":{"name":"(anonymous_4)","decl":{"start":{"line":75,"column":37},"end":{"line":75,"column":38}},"loc":{"start":{"line":75,"column":43},"end":{"line":83,"column":2}},"line":75},"5":{"name":"(anonymous_5)","decl":{"start":{"line":77,"column":24},"end":{"line":77,"column":25}},"loc":{"start":{"line":77,"column":45},"end":{"line":81,"column":4}},"line":77}},"branchMap":{"0":{"loc":{"start":{"line":50,"column":1},"end":{"line":50,"column":17}},"type":"default-arg","locations":[{"start":{"line":50,"column":12},"end":{"line":50,"column":17}}],"line":50},"1":{"loc":{"start":{"line":52,"column":1},"end":{"line":52,"column":12}},"type":"default-arg","locations":[{"start":{"line":52,"column":8},"end":{"line":52,"column":12}}],"line":52},"2":{"loc":{"start":{"line":53,"column":1},"end":{"line":53,"column":19}},"type":"default-arg","locations":[{"start":{"line":53,"column":9},"end":{"line":53,"column":19}}],"line":53},"3":{"loc":{"start":{"line":54,"column":1},"end":{"line":54,"column":17}},"type":"default-arg","locations":[{"start":{"line":54,"column":11},"end":{"line":54,"column":17}}],"line":54},"4":{"loc":{"start":{"line":55,"column":1},"end":{"line":55,"column":27}},"type":"default-arg","locations":[{"start":{"line":55,"column":9},"end":{"line":55,"column":27}}],"line":55},"5":{"loc":{"start":{"line":56,"column":1},"end":{"line":56,"column":23}},"type":"default-arg","locations":[{"start":{"line":56,"column":19},"end":{"line":56,"column":23}}],"line":56},"6":{"loc":{"start":{"line":57,"column":1},"end":{"line":57,"column":18}},"type":"default-arg","locations":[{"start":{"line":57,"column":13},"end":{"line":57,"column":18}}],"line":57},"7":{"loc":{"start":{"line":58,"column":1},"end":{"line":58,"column":16}},"type":"default-arg","locations":[{"start":{"line":58,"column":11},"end":{"line":58,"column":16}}],"line":58},"8":{"loc":{"start":{"line":76,"column":2},"end":{"line":82,"column":3}},"type":"if","locations":[{"start":{"line":76,"column":2},"end":{"line":82,"column":3}},{"start":{},"end":{}}],"line":76},"9":{"loc":{"start":{"line":106,"column":44},"end":{"line":106,"column":122}},"type":"cond-expr","locations":[{"start":{"line":106,"column":66},"end":{"line":106,"column":105}},{"start":{"line":106,"column":109},"end":{"line":106,"column":122}}],"line":106},"10":{"loc":{"start":{"line":106,"column":66},"end":{"line":106,"column":105}},"type":"cond-expr","locations":[{"start":{"line":106,"column":76},"end":{"line":106,"column":89}},{"start":{"line":106,"column":92},"end":{"line":106,"column":105}}],"line":106},"11":{"loc":{"start":{"line":114,"column":6},"end":{"line":122,"column":6}},"type":"binary-expr","locations":[{"start":{"line":114,"column":6},"end":{"line":114,"column":13}},{"start":{"line":115,"column":6},"end":{"line":121,"column":22}}],"line":114},"12":{"loc":{"start":{"line":118,"column":15},"end":{"line":118,"column":58}},"type":"cond-expr","locations":[{"start":{"line":118,"column":36},"end":{"line":118,"column":42}},{"start":{"line":118,"column":45},"end":{"line":118,"column":58}}],"line":118},"13":{"loc":{"start":{"line":125,"column":4},"end":{"line":134,"column":4}},"type":"binary-expr","locations":[{"start":{"line":125,"column":4},"end":{"line":125,"column":17}},{"start":{"line":126,"column":4},"end":{"line":133,"column":14}}],"line":125}},"s":{"0":1,"1":1,"2":1,"3":1,"4":1,"5":1,"6":1,"7":1,"8":1,"9":1,"10":0,"11":1,"12":0,"13":1,"14":0,"15":0,"16":0,"17":0,"18":0,"19":1},"f":{"0":1,"1":1,"2":0,"3":0,"4":0,"5":0},"b":{"0":[1],"1":[1],"2":[1],"3":[1],"4":[1],"5":[1],"6":[1],"7":[1],"8":[0,0],"9":[1,0],"10":[0,1],"11":[1,0],"12":[0,0],"13":[1,0]},"_coverageSchema":"1a1c01bbd47fc00a2c39e90264f33305004495a9","hash":"9ba78b27f758a44e578a8a6c2a3b2d474608659b"}
,"/Users/liorshaposhnikov/Documents/ScouterUI/scouter-ui/src/components/counter.tsx": {"path":"/Users/liorshaposhnikov/Documents/ScouterUI/scouter-ui/src/components/counter.tsx","statementMap":{"0":{"start":{"line":42,"column":16},"end":{"line":97,"column":1}},"1":{"start":{"line":43,"column":27},"end":{"line":43,"column":69}},"2":{"start":{"line":44,"column":19},"end":{"line":44,"column":46}},"3":{"start":{"line":46,"column":1},"end":{"line":52,"column":3}},"4":{"start":{"line":48,"column":9},"end":{"line":50,"column":3}},"5":{"start":{"line":49,"column":19},"end":{"line":49,"column":24}},"6":{"start":{"line":54,"column":27},"end":{"line":62,"column":2}},"7":{"start":{"line":56,"column":24},"end":{"line":56,"column":68}},"8":{"start":{"line":57,"column":3},"end":{"line":59,"column":6}},"9":{"start":{"line":58,"column":4},"end":{"line":58,"column":25}},"10":{"start":{"line":64,"column":1},"end":{"line":96,"column":3}},"11":{"start":{"line":72,"column":19},"end":{"line":72,"column":49}},"12":{"start":{"line":85,"column":19},"end":{"line":85,"column":49}}},"fnMap":{"0":{"name":"(anonymous_0)","decl":{"start":{"line":42,"column":16},"end":{"line":42,"column":17}},"loc":{"start":{"line":42,"column":98},"end":{"line":97,"column":1}},"line":42},"1":{"name":"(anonymous_1)","decl":{"start":{"line":48,"column":2},"end":{"line":48,"column":3}},"loc":{"start":{"line":48,"column":9},"end":{"line":50,"column":3}},"line":48},"2":{"name":"(anonymous_2)","decl":{"start":{"line":49,"column":13},"end":{"line":49,"column":14}},"loc":{"start":{"line":49,"column":19},"end":{"line":49,"column":24}},"line":49},"3":{"name":"(anonymous_3)","decl":{"start":{"line":55,"column":2},"end":{"line":55,"column":3}},"loc":{"start":{"line":55,"column":39},"end":{"line":60,"column":3}},"line":55},"4":{"name":"(anonymous_4)","decl":{"start":{"line":57,"column":26},"end":{"line":57,"column":27}},"loc":{"start":{"line":57,"column":40},"end":{"line":59,"column":4}},"line":57},"5":{"name":"(anonymous_5)","decl":{"start":{"line":72,"column":13},"end":{"line":72,"column":14}},"loc":{"start":{"line":72,"column":19},"end":{"line":72,"column":49}},"line":72},"6":{"name":"(anonymous_6)","decl":{"start":{"line":85,"column":13},"end":{"line":85,"column":14}},"loc":{"start":{"line":85,"column":19},"end":{"line":85,"column":49}},"line":85}},"branchMap":{"0":{"loc":{"start":{"line":42,"column":46},"end":{"line":42,"column":62}},"type":"default-arg","locations":[{"start":{"line":42,"column":61},"end":{"line":42,"column":62}}],"line":42},"1":{"loc":{"start":{"line":56,"column":24},"end":{"line":56,"column":68}},"type":"cond-expr","locations":[{"start":{"line":56,"column":47},"end":{"line":56,"column":56}},{"start":{"line":56,"column":59},"end":{"line":56,"column":68}}],"line":56}},"s":{"0":1,"1":1,"2":1,"3":1,"4":0,"5":0,"6":1,"7":0,"8":0,"9":0,"10":1,"11":0,"12":0},"f":{"0":1,"1":0,"2":0,"3":0,"4":0,"5":0,"6":0},"b":{"0":[1],"1":[0,0]},"_coverageSchema":"1a1c01bbd47fc00a2c39e90264f33305004495a9","hash":"5e4c251e5a266a962e3a17ffe37be4798c1048a0"}
,"/Users/liorshaposhnikov/Documents/ScouterUI/scouter-ui/src/components/heading.tsx": {"path":"/Users/liorshaposhnikov/Documents/ScouterUI/scouter-ui/src/components/heading.tsx","statementMap":{"0":{"start":{"line":31,"column":40},"end":{"line":41,"column":1}},"1":{"start":{"line":32,"column":23},"end":{"line":32,"column":45}},"2":{"start":{"line":34,"column":19},"end":{"line":38,"column":3}},"3":{"start":{"line":40,"column":1},"end":{"line":40,"column":59}}},"fnMap":{"0":{"name":"(anonymous_0)","decl":{"start":{"line":31,"column":40},"end":{"line":31,"column":41}},"loc":{"start":{"line":31,"column":117},"end":{"line":41,"column":1}},"line":31}},"branchMap":{"0":{"loc":{"start":{"line":31,"column":43},"end":{"line":31,"column":54}},"type":"default-arg","locations":[{"start":{"line":31,"column":50},"end":{"line":31,"column":54}}],"line":31},"1":{"loc":{"start":{"line":31,"column":56},"end":{"line":31,"column":73}},"type":"default-arg","locations":[{"start":{"line":31,"column":65},"end":{"line":31,"column":73}}],"line":31},"2":{"loc":{"start":{"line":31,"column":75},"end":{"line":31,"column":93}},"type":"default-arg","locations":[{"start":{"line":31,"column":83},"end":{"line":31,"column":93}}],"line":31}},"s":{"0":7,"1":18,"2":18,"3":18},"f":{"0":18},"b":{"0":[17],"1":[17],"2":[3]},"_coverageSchema":"1a1c01bbd47fc00a2c39e90264f33305004495a9","hash":"c468689958bd62f76ba3d9bf52d4e133619a340e"}
,"/Users/liorshaposhnikov/Documents/ScouterUI/scouter-ui/src/components/radioButton.tsx": {"path":"/Users/liorshaposhnikov/Documents/ScouterUI/scouter-ui/src/components/radioButton.tsx","statementMap":{"0":{"start":{"line":44,"column":48},"end":{"line":140,"column":1}},"1":{"start":{"line":56,"column":31},"end":{"line":56,"column":71}},"2":{"start":{"line":57,"column":26},"end":{"line":57,"column":43}},"3":{"start":{"line":58,"column":31},"end":{"line":58,"column":48}},"4":{"start":{"line":60,"column":26},"end":{"line":60,"column":48}},"5":{"start":{"line":61,"column":25},"end":{"line":61,"column":45}},"6":{"start":{"line":63,"column":34},"end":{"line":65,"column":4}},"7":{"start":{"line":63,"column":58},"end":{"line":65,"column":2}},"8":{"start":{"line":66,"column":39},"end":{"line":68,"column":4}},"9":{"start":{"line":66,"column":63},"end":{"line":68,"column":2}},"10":{"start":{"line":70,"column":28},"end":{"line":84,"column":76}},"11":{"start":{"line":71,"column":2},"end":{"line":83,"column":5}},"12":{"start":{"line":72,"column":3},"end":{"line":72,"column":23}},"13":{"start":{"line":73,"column":3},"end":{"line":77,"column":5}},"14":{"start":{"line":78,"column":3},"end":{"line":82,"column":5}},"15":{"start":{"line":86,"column":1},"end":{"line":139,"column":3}}},"fnMap":{"0":{"name":"(anonymous_0)","decl":{"start":{"line":44,"column":48},"end":{"line":44,"column":49}},"loc":{"start":{"line":55,"column":6},"end":{"line":140,"column":1}},"line":55},"1":{"name":"(anonymous_1)","decl":{"start":{"line":63,"column":51},"end":{"line":63,"column":52}},"loc":{"start":{"line":63,"column":58},"end":{"line":65,"column":2}},"line":63},"2":{"name":"(anonymous_2)","decl":{"start":{"line":66,"column":56},"end":{"line":66,"column":57}},"loc":{"start":{"line":66,"column":63},"end":{"line":68,"column":2}},"line":66},"3":{"name":"(anonymous_3)","decl":{"start":{"line":70,"column":40},"end":{"line":70,"column":41}},"loc":{"start":{"line":70,"column":46},"end":{"line":84,"column":2}},"line":70},"4":{"name":"(anonymous_4)","decl":{"start":{"line":71,"column":23},"end":{"line":71,"column":24}},"loc":{"start":{"line":71,"column":37},"end":{"line":83,"column":3}},"line":71}},"branchMap":{"0":{"loc":{"start":{"line":50,"column":1},"end":{"line":50,"column":19}},"type":"default-arg","locations":[{"start":{"line":50,"column":9},"end":{"line":50,"column":19}}],"line":50},"1":{"loc":{"start":{"line":51,"column":1},"end":{"line":51,"column":18}},"type":"default-arg","locations":[{"start":{"line":51,"column":13},"end":{"line":51,"column":18}}],"line":51},"2":{"loc":{"start":{"line":52,"column":1},"end":{"line":52,"column":31}},"type":"default-arg","locations":[{"start":{"line":52,"column":9},"end":{"line":52,"column":31}}],"line":52},"3":{"loc":{"start":{"line":53,"column":1},"end":{"line":53,"column":17}},"type":"default-arg","locations":[{"start":{"line":53,"column":12},"end":{"line":53,"column":17}}],"line":53},"4":{"loc":{"start":{"line":54,"column":1},"end":{"line":54,"column":12}},"type":"default-arg","locations":[{"start":{"line":54,"column":8},"end":{"line":54,"column":12}}],"line":54},"5":{"loc":{"start":{"line":113,"column":6},"end":{"line":125,"column":6}},"type":"binary-expr","locations":[{"start":{"line":113,"column":6},"end":{"line":113,"column":13}},{"start":{"line":114,"column":6},"end":{"line":124,"column":8}}],"line":113},"6":{"loc":{"start":{"line":128,"column":4},"end":{"line":137,"column":4}},"type":"binary-expr","locations":[{"start":{"line":128,"column":4},"end":{"line":128,"column":20}},{"start":{"line":129,"column":4},"end":{"line":136,"column":14}}],"line":128}},"s":{"0":1,"1":1,"2":1,"3":1,"4":1,"5":1,"6":1,"7":0,"8":1,"9":0,"10":1,"11":0,"12":0,"13":0,"14":0,"15":1},"f":{"0":1,"1":0,"2":0,"3":0,"4":0},"b":{"0":[1],"1":[1],"2":[1],"3":[1],"4":[1],"5":[1,0],"6":[1,0]},"_coverageSchema":"1a1c01bbd47fc00a2c39e90264f33305004495a9","hash":"c6e2042ff7b3b3bc4988b9fcd3765ab37a712e4c"}
,"/Users/liorshaposhnikov/Documents/ScouterUI/scouter-ui/src/components/scouterDictionary.ts": {"path":"/Users/liorshaposhnikov/Documents/ScouterUI/scouter-ui/src/components/scouterDictionary.ts","statementMap":{"0":{"start":{"line":19,"column":55},"end":{"line":31,"column":1}},"1":{"start":{"line":32,"column":67},"end":{"line":40,"column":1}}},"fnMap":{},"branchMap":{},"s":{"0":7,"1":7},"f":{},"b":{},"_coverageSchema":"1a1c01bbd47fc00a2c39e90264f33305004495a9","hash":"0e6808347281a59e950743f5556ca83501f278d6"}
,"/Users/liorshaposhnikov/Documents/ScouterUI/scouter-ui/src/components/stack.tsx": {"path":"/Users/liorshaposhnikov/Documents/ScouterUI/scouter-ui/src/components/stack.tsx","statementMap":{"0":{"start":{"line":30,"column":36},"end":{"line":65,"column":1}},"1":{"start":{"line":31,"column":17},"end":{"line":31,"column":79}},"2":{"start":{"line":31,"column":31},"end":{"line":31,"column":71}},"3":{"start":{"line":32,"column":15},"end":{"line":32,"column":34}},"4":{"start":{"line":34,"column":23},"end":{"line":34,"column":55}},"5":{"start":{"line":35,"column":24},"end":{"line":54,"column":3}},"6":{"start":{"line":36,"column":32},"end":{"line":36,"column":34}},"7":{"start":{"line":37,"column":2},"end":{"line":43,"column":3}},"8":{"start":{"line":38,"column":3},"end":{"line":42,"column":4}},"9":{"start":{"line":39,"column":4},"end":{"line":39,"column":36}},"10":{"start":{"line":41,"column":4},"end":{"line":41,"column":35}},"11":{"start":{"line":45,"column":2},"end":{"line":52,"column":3}},"12":{"start":{"line":46,"column":19},"end":{"line":46,"column":94}},"13":{"start":{"line":47,"column":25},"end":{"line":47,"column":45}},"14":{"start":{"line":48,"column":23},"end":{"line":48,"column":81}},"15":{"start":{"line":49,"column":3},"end":{"line":51,"column":6}},"16":{"start":{"line":53,"column":2},"end":{"line":53,"column":15}},"17":{"start":{"line":56,"column":1},"end":{"line":64,"column":3}}},"fnMap":{"0":{"name":"(anonymous_0)","decl":{"start":{"line":30,"column":36},"end":{"line":30,"column":37}},"loc":{"start":{"line":30,"column":106},"end":{"line":65,"column":1}},"line":30},"1":{"name":"(anonymous_1)","decl":{"start":{"line":31,"column":25},"end":{"line":31,"column":26}},"loc":{"start":{"line":31,"column":31},"end":{"line":31,"column":71}},"line":31},"2":{"name":"(anonymous_2)","decl":{"start":{"line":35,"column":42},"end":{"line":35,"column":43}},"loc":{"start":{"line":35,"column":58},"end":{"line":54,"column":2}},"line":35}},"branchMap":{"0":{"loc":{"start":{"line":30,"column":39},"end":{"line":30,"column":56}},"type":"default-arg","locations":[{"start":{"line":30,"column":51},"end":{"line":30,"column":56}}],"line":30},"1":{"loc":{"start":{"line":30,"column":58},"end":{"line":30,"column":68}},"type":"default-arg","locations":[{"start":{"line":30,"column":64},"end":{"line":30,"column":68}}],"line":30},"2":{"loc":{"start":{"line":37,"column":2},"end":{"line":43,"column":3}},"type":"if","locations":[{"start":{"line":37,"column":2},"end":{"line":43,"column":3}},{"start":{},"end":{}}],"line":37},"3":{"loc":{"start":{"line":38,"column":3},"end":{"line":42,"column":4}},"type":"if","locations":[{"start":{"line":38,"column":3},"end":{"line":42,"column":4}},{"start":{"line":40,"column":10},"end":{"line":42,"column":4}}],"line":38},"4":{"loc":{"start":{"line":45,"column":2},"end":{"line":52,"column":3}},"type":"if","locations":[{"start":{"line":45,"column":2},"end":{"line":52,"column":3}},{"start":{},"end":{}}],"line":45},"5":{"loc":{"start":{"line":48,"column":23},"end":{"line":48,"column":81}},"type":"cond-expr","locations":[{"start":{"line":48,"column":39},"end":{"line":48,"column":66}},{"start":{"line":48,"column":69},"end":{"line":48,"column":81}}],"line":48}},"s":{"0":6,"1":26,"2":26,"3":26,"4":26,"5":26,"6":36,"7":36,"8":10,"9":10,"10":0,"11":36,"12":36,"13":36,"14":36,"15":36,"16":0,"17":26},"f":{"0":26,"1":26,"2":36},"b":{"0":[18],"1":[0],"2":[10,26],"3":[10,0],"4":[36,0],"5":[13,23]},"_coverageSchema":"1a1c01bbd47fc00a2c39e90264f33305004495a9","hash":"bf6af5f6abd9236e448d683c6581b67b7d8eda46"}
,"/Users/liorshaposhnikov/Documents/ScouterUI/scouter-ui/src/hooks/useResolveColor.ts": {"path":"/Users/liorshaposhnikov/Documents/ScouterUI/scouter-ui/src/hooks/useResolveColor.ts","statementMap":{"0":{"start":{"line":33,"column":24},"end":{"line":65,"column":1}},"1":{"start":{"line":38,"column":15},"end":{"line":38,"column":36}},"2":{"start":{"line":40,"column":1},"end":{"line":64,"column":46}},"3":{"start":{"line":41,"column":2},"end":{"line":43,"column":3}},"4":{"start":{"line":42,"column":3},"end":{"line":42,"column":46}},"5":{"start":{"line":44,"column":2},"end":{"line":44,"column":59}},"6":{"start":{"line":44,"column":43},"end":{"line":44,"column":59}},"7":{"start":{"line":45,"column":29},"end":{"line":45,"column":94}},"8":{"start":{"line":46,"column":2},"end":{"line":51,"column":3}},"9":{"start":{"line":47,"column":3},"end":{"line":49,"column":4}},"10":{"start":{"line":48,"column":4},"end":{"line":48,"column":104}},"11":{"start":{"line":50,"column":3},"end":{"line":50,"column":19}},"12":{"start":{"line":52,"column":24},"end":{"line":52,"column":38}},"13":{"start":{"line":53,"column":21},"end":{"line":53,"column":61}},"14":{"start":{"line":54,"column":2},"end":{"line":61,"column":3}},"15":{"start":{"line":55,"column":3},"end":{"line":59,"column":4}},"16":{"start":{"line":56,"column":4},"end":{"line":58,"column":6}},"17":{"start":{"line":60,"column":3},"end":{"line":60,"column":19}},"18":{"start":{"line":63,"column":2},"end":{"line":63,"column":28}}},"fnMap":{"0":{"name":"(anonymous_0)","decl":{"start":{"line":33,"column":24},"end":{"line":33,"column":25}},"loc":{"start":{"line":37,"column":13},"end":{"line":65,"column":1}},"line":37},"1":{"name":"(anonymous_1)","decl":{"start":{"line":40,"column":16},"end":{"line":40,"column":17}},"loc":{"start":{"line":40,"column":22},"end":{"line":64,"column":2}},"line":40}},"branchMap":{"0":{"loc":{"start":{"line":35,"column":1},"end":{"line":35,"column":27}},"type":"default-arg","locations":[{"start":{"line":35,"column":20},"end":{"line":35,"column":27}}],"line":35},"1":{"loc":{"start":{"line":41,"column":2},"end":{"line":43,"column":3}},"type":"if","locations":[{"start":{"line":41,"column":2},"end":{"line":43,"column":3}},{"start":{},"end":{}}],"line":41},"2":{"loc":{"start":{"line":44,"column":2},"end":{"line":44,"column":59}},"type":"if","locations":[{"start":{"line":44,"column":2},"end":{"line":44,"column":59}},{"start":{},"end":{}}],"line":44},"3":{"loc":{"start":{"line":44,"column":6},"end":{"line":44,"column":41}},"type":"binary-expr","locations":[{"start":{"line":44,"column":6},"end":{"line":44,"column":12}},{"start":{"line":44,"column":16},"end":{"line":44,"column":41}}],"line":44},"4":{"loc":{"start":{"line":46,"column":2},"end":{"line":51,"column":3}},"type":"if","locations":[{"start":{"line":46,"column":2},"end":{"line":51,"column":3}},{"start":{},"end":{}}],"line":46},"5":{"loc":{"start":{"line":46,"column":6},"end":{"line":46,"column":47}},"type":"binary-expr","locations":[{"start":{"line":46,"column":6},"end":{"line":46,"column":19}},{"start":{"line":46,"column":23},"end":{"line":46,"column":47}}],"line":46},"6":{"loc":{"start":{"line":47,"column":3},"end":{"line":49,"column":4}},"type":"if","locations":[{"start":{"line":47,"column":3},"end":{"line":49,"column":4}},{"start":{},"end":{}}],"line":47},"7":{"loc":{"start":{"line":47,"column":7},"end":{"line":47,"column":48}},"type":"binary-expr","locations":[{"start":{"line":47,"column":7},"end":{"line":47,"column":37}},{"start":{"line":47,"column":41},"end":{"line":47,"column":48}}],"line":47},"8":{"loc":{"start":{"line":52,"column":24},"end":{"line":52,"column":38}},"type":"binary-expr","locations":[{"start":{"line":52,"column":24},"end":{"line":52,"column":29}},{"start":{"line":52,"column":33},"end":{"line":52,"column":38}}],"line":52},"9":{"loc":{"start":{"line":54,"column":2},"end":{"line":61,"column":3}},"type":"if","locations":[{"start":{"line":54,"column":2},"end":{"line":61,"column":3}},{"start":{},"end":{}}],"line":54},"10":{"loc":{"start":{"line":55,"column":3},"end":{"line":59,"column":4}},"type":"if","locations":[{"start":{"line":55,"column":3},"end":{"line":59,"column":4}},{"start":{},"end":{}}],"line":55},"11":{"loc":{"start":{"line":55,"column":7},"end":{"line":55,"column":48}},"type":"binary-expr","locations":[{"start":{"line":55,"column":7},"end":{"line":55,"column":37}},{"start":{"line":55,"column":41},"end":{"line":55,"column":48}}],"line":55}},"s":{"0":7,"1":38,"2":38,"3":38,"4":0,"5":38,"6":0,"7":38,"8":38,"9":0,"10":0,"11":0,"12":38,"13":38,"14":38,"15":0,"16":0,"17":0,"18":38},"f":{"0":38,"1":38},"b":{"0":[38],"1":[0,38],"2":[0,38],"3":[38,38],"4":[0,38],"5":[38,38],"6":[0,0],"7":[0,0],"8":[38,0],"9":[0,38],"10":[0,0],"11":[0,0]},"_coverageSchema":"1a1c01bbd47fc00a2c39e90264f33305004495a9","hash":"1550f3154d33a9c3b120247899e14b2d3fcdf935"}
,"/Users/liorshaposhnikov/Documents/ScouterUI/scouter-ui/src/hooks/useStateCallback.ts": {"path":"/Users/liorshaposhnikov/Documents/ScouterUI/scouter-ui/src/hooks/useStateCallback.ts","statementMap":{"0":{"start":{"line":36,"column":27},"end":{"line":36,"column":52}},"1":{"start":{"line":37,"column":21},"end":{"line":37,"column":63}},"2":{"start":{"line":38,"column":29},"end":{"line":38,"column":50}},"3":{"start":{"line":40,"column":55},"end":{"line":43,"column":7}},"4":{"start":{"line":41,"column":2},"end":{"line":41,"column":33}},"5":{"start":{"line":42,"column":2},"end":{"line":42,"column":27}},"6":{"start":{"line":45,"column":1},"end":{"line":54,"column":13}},"7":{"start":{"line":46,"column":2},"end":{"line":49,"column":3}},"8":{"start":{"line":47,"column":3},"end":{"line":47,"column":39}},"9":{"start":{"line":48,"column":3},"end":{"line":48,"column":10}},"10":{"start":{"line":50,"column":2},"end":{"line":53,"column":3}},"11":{"start":{"line":51,"column":3},"end":{"line":51,"column":30}},"12":{"start":{"line":52,"column":3},"end":{"line":52,"column":35}},"13":{"start":{"line":56,"column":1},"end":{"line":56,"column":38}}},"fnMap":{"0":{"name":"useStateWithCallback","decl":{"start":{"line":35,"column":9},"end":{"line":35,"column":29}},"loc":{"start":{"line":35,"column":92},"end":{"line":57,"column":1}},"line":35},"1":{"name":"(anonymous_1)","decl":{"start":{"line":40,"column":67},"end":{"line":40,"column":68}},"loc":{"start":{"line":40,"column":97},"end":{"line":43,"column":2}},"line":40},"2":{"name":"(anonymous_2)","decl":{"start":{"line":45,"column":11},"end":{"line":45,"column":12}},"loc":{"start":{"line":45,"column":17},"end":{"line":54,"column":2}},"line":45}},"branchMap":{"0":{"loc":{"start":{"line":46,"column":2},"end":{"line":49,"column":3}},"type":"if","locations":[{"start":{"line":46,"column":2},"end":{"line":49,"column":3}},{"start":{},"end":{}}],"line":46},"1":{"loc":{"start":{"line":50,"column":2},"end":{"line":53,"column":3}},"type":"if","locations":[{"start":{"line":50,"column":2},"end":{"line":53,"column":3}},{"start":{},"end":{}}],"line":50}},"s":{"0":3,"1":3,"2":3,"3":3,"4":0,"5":0,"6":3,"7":3,"8":3,"9":3,"10":0,"11":0,"12":0,"13":3},"f":{"0":3,"1":0,"2":3},"b":{"0":[3,0],"1":[0,0]},"_coverageSchema":"1a1c01bbd47fc00a2c39e90264f33305004495a9","hash":"714addccd3503e4ff5f7b0f9b382a97f4590e395"}
,"/Users/liorshaposhnikov/Documents/ScouterUI/scouter-ui/src/ui/ScouterDictionaries.ts": {"path":"/Users/liorshaposhnikov/Documents/ScouterUI/scouter-ui/src/ui/ScouterDictionaries.ts","statementMap":{"0":{"start":{"line":19,"column":55},"end":{"line":31,"column":2}},"1":{"start":{"line":32,"column":67},"end":{"line":40,"column":2}}},"fnMap":{},"branchMap":{},"s":{"0":5,"1":5},"f":{},"b":{}}
,"/Users/liorshaposhnikov/Documents/ScouterUI/scouter-ui/src/ui/Button/index.tsx": {"path":"/Users/liorshaposhnikov/Documents/ScouterUI/scouter-ui/src/ui/Button/index.tsx","statementMap":{"0":{"start":{"line":42,"column":26},"end":{"line":42,"column":69}},"1":{"start":{"line":43,"column":38},"end":{"line":108,"column":1}},"2":{"start":{"line":56,"column":5},"end":{"line":56,"column":10}},"3":{"start":{"line":58,"column":23},"end":{"line":58,"column":45}},"4":{"start":{"line":59,"column":25},"end":{"line":59,"column":98}},"5":{"start":{"line":60,"column":21},"end":{"line":60,"column":96}},"6":{"start":{"line":61,"column":19},"end":{"line":61,"column":94}},"7":{"start":{"line":62,"column":21},"end":{"line":62,"column":38}},"8":{"start":{"line":64,"column":29},"end":{"line":66,"column":4}},"9":{"start":{"line":64,"column":53},"end":{"line":66,"column":3}},"10":{"start":{"line":68,"column":1},"end":{"line":107,"column":3}},"11":{"start":{"line":73,"column":4},"end":{"line":73,"column":60}},"12":{"start":{"line":76,"column":4},"end":{"line":76,"column":58}}},"fnMap":{"0":{"name":"(anonymous_0)","decl":{"start":{"line":43,"column":38},"end":{"line":43,"column":39}},"loc":{"start":{"line":43,"column":48},"end":{"line":108,"column":1}}},"1":{"name":"(anonymous_1)","decl":{"start":{"line":64,"column":46},"end":{"line":64,"column":49}},"loc":{"start":{"line":64,"column":53},"end":{"line":66,"column":3}}},"2":{"name":"(anonymous_2)","decl":{"start":{"line":72,"column":14},"end":{"line":72,"column":17}},"loc":{"start":{"line":72,"column":19},"end":{"line":74,"column":4}}},"3":{"name":"(anonymous_3)","decl":{"start":{"line":75,"column":15},"end":{"line":75,"column":18}},"loc":{"start":{"line":75,"column":20},"end":{"line":77,"column":4}}}},"branchMap":{"0":{"loc":{"start":{"line":45,"column":2},"end":{"line":45,"column":20}},"type":"default-arg","locations":[{"start":{"line":45,"column":10},"end":{"line":45,"column":20}}]},"1":{"loc":{"start":{"line":48,"column":2},"end":{"line":48,"column":19}},"type":"default-arg","locations":[{"start":{"line":48,"column":12},"end":{"line":48,"column":19}}]},"2":{"loc":{"start":{"line":49,"column":2},"end":{"line":49,"column":18}},"type":"default-arg","locations":[{"start":{"line":49,"column":13},"end":{"line":49,"column":18}}]},"3":{"loc":{"start":{"line":59,"column":25},"end":{"line":59,"column":98}},"type":"cond-expr","locations":[{"start":{"line":59,"column":48},"end":{"line":59,"column":81}},{"start":{"line":59,"column":85},"end":{"line":59,"column":98}}]},"4":{"loc":{"start":{"line":59,"column":48},"end":{"line":59,"column":81}},"type":"cond-expr","locations":[{"start":{"line":59,"column":59},"end":{"line":59,"column":65}},{"start":{"line":59,"column":68},"end":{"line":59,"column":81}}]},"5":{"loc":{"start":{"line":60,"column":21},"end":{"line":60,"column":96}},"type":"cond-expr","locations":[{"start":{"line":60,"column":46},"end":{"line":60,"column":79}},{"start":{"line":60,"column":83},"end":{"line":60,"column":96}}]},"6":{"loc":{"start":{"line":60,"column":46},"end":{"line":60,"column":79}},"type":"cond-expr","locations":[{"start":{"line":60,"column":57},"end":{"line":60,"column":63}},{"start":{"line":60,"column":66},"end":{"line":60,"column":79}}]},"7":{"loc":{"start":{"line":61,"column":19},"end":{"line":61,"column":94}},"type":"cond-expr","locations":[{"start":{"line":61,"column":41},"end":{"line":61,"column":51}},{"start":{"line":61,"column":54},"end":{"line":61,"column":94}}]},"8":{"loc":{"start":{"line":61,"column":54},"end":{"line":61,"column":94}},"type":"cond-expr","locations":[{"start":{"line":61,"column":65},"end":{"line":61,"column":75}},{"start":{"line":61,"column":78},"end":{"line":61,"column":94}}]},"9":{"loc":{"start":{"line":95,"column":5},"end":{"line":95,"column":17}},"type":"binary-expr","locations":[{"start":{"line":95,"column":5},"end":{"line":95,"column":9}},{"start":{"line":95,"column":13},"end":{"line":95,"column":17}}]},"10":{"loc":{"start":{"line":96,"column":5},"end":{"line":103,"column":null}},"type":"binary-expr","locations":[{"start":{"line":96,"column":5},"end":{"line":96,"column":13}},{"start":{"line":97,"column":5},"end":{"line":103,"column":15}}]}},"s":{"0":3,"1":3,"2":16,"3":16,"4":16,"5":16,"6":16,"7":16,"8":16,"9":0,"10":16,"11":0,"12":0},"f":{"0":16,"1":0,"2":0,"3":0},"b":{"0":[5],"1":[5],"2":[15],"3":[16,0],"4":[1,15],"5":[0,16],"6":[0,0],"7":[16,0],"8":[0,0],"9":[16,2],"10":[16,14]}}
,"/Users/liorshaposhnikov/Documents/ScouterUI/scouter-ui/src/ui/ButtonGroup/index.tsx": {"path":"/Users/liorshaposhnikov/Documents/ScouterUI/scouter-ui/src/ui/ButtonGroup/index.tsx","statementMap":{"0":{"start":{"line":29,"column":48},"end":{"line":67,"column":1}},"1":{"start":{"line":31,"column":23},"end":{"line":31,"column":108}},"2":{"start":{"line":33,"column":26},"end":{"line":56,"column":3}},"3":{"start":{"line":34,"column":18},"end":{"line":34,"column":29}},"4":{"start":{"line":35,"column":17},"end":{"line":35,"column":51}},"5":{"start":{"line":37,"column":42},"end":{"line":42,"column":4}},"6":{"start":{"line":44,"column":45},"end":{"line":49,"column":4}},"7":{"start":{"line":52,"column":24},"end":{"line":52,"column":47}},"8":{"start":{"line":53,"column":2},"end":{"line":55,"column":5}},"9":{"start":{"line":58,"column":1},"end":{"line":66,"column":3}}},"fnMap":{"0":{"name":"(anonymous_0)","decl":{"start":{"line":29,"column":48},"end":{"line":29,"column":49}},"loc":{"start":{"line":29,"column":103},"end":{"line":67,"column":1}}},"1":{"name":"(anonymous_1)","decl":{"start":{"line":33,"column":44},"end":{"line":33,"column":45}},"loc":{"start":{"line":33,"column":61},"end":{"line":56,"column":2}}}},"branchMap":{"0":{"loc":{"start":{"line":29,"column":61},"end":{"line":29,"column":78}},"type":"default-arg","locations":[{"start":{"line":29,"column":69},"end":{"line":29,"column":78}}]},"1":{"loc":{"start":{"line":29,"column":80},"end":{"line":29,"column":97}},"type":"default-arg","locations":[{"start":{"line":29,"column":92},"end":{"line":29,"column":97}}]},"2":{"loc":{"start":{"line":38,"column":27},"end":{"line":38,"column":43}},"type":"cond-expr","locations":[{"start":{"line":38,"column":37},"end":{"line":38,"column":39}},{"start":{"line":38,"column":42},"end":{"line":38,"column":43}}]},"3":{"loc":{"start":{"line":39,"column":28},"end":{"line":39,"column":43}},"type":"cond-expr","locations":[{"start":{"line":39,"column":37},"end":{"line":39,"column":39}},{"start":{"line":39,"column":42},"end":{"line":39,"column":43}}]},"4":{"loc":{"start":{"line":40,"column":24},"end":{"line":40,"column":40}},"type":"cond-expr","locations":[{"start":{"line":40,"column":34},"end":{"line":40,"column":36}},{"start":{"line":40,"column":39},"end":{"line":40,"column":40}}]},"5":{"loc":{"start":{"line":41,"column":25},"end":{"line":41,"column":40}},"type":"cond-expr","locations":[{"start":{"line":41,"column":34},"end":{"line":41,"column":36}},{"start":{"line":41,"column":39},"end":{"line":41,"column":40}}]},"6":{"loc":{"start":{"line":45,"column":27},"end":{"line":45,"column":42}},"type":"cond-expr","locations":[{"start":{"line":45,"column":37},"end":{"line":45,"column":38}},{"start":{"line":45,"column":41},"end":{"line":45,"column":42}}]},"7":{"loc":{"start":{"line":46,"column":28},"end":{"line":46,"column":42}},"type":"cond-expr","locations":[{"start":{"line":46,"column":37},"end":{"line":46,"column":38}},{"start":{"line":46,"column":41},"end":{"line":46,"column":42}}]},"8":{"loc":{"start":{"line":47,"column":24},"end":{"line":47,"column":39}},"type":"cond-expr","locations":[{"start":{"line":47,"column":34},"end":{"line":47,"column":35}},{"start":{"line":47,"column":38},"end":{"line":47,"column":39}}]},"9":{"loc":{"start":{"line":48,"column":25},"end":{"line":48,"column":39}},"type":"cond-expr","locations":[{"start":{"line":48,"column":34},"end":{"line":48,"column":35}},{"start":{"line":48,"column":38},"end":{"line":48,"column":39}}]},"10":{"loc":{"start":{"line":52,"column":24},"end":{"line":52,"column":47}},"type":"binary-expr","locations":[{"start":{"line":52,"column":24},"end":{"line":52,"column":41}},{"start":{"line":52,"column":45},"end":{"line":52,"column":47}}]},"11":{"loc":{"start":{"line":54,"column":26},"end":{"line":54,"column":97}},"type":"cond-expr","locations":[{"start":{"line":54,"column":51},"end":{"line":54,"column":74}},{"start":{"line":54,"column":77},"end":{"line":54,"column":97}}]},"12":{"loc":{"start":{"line":62,"column":56},"end":{"line":62,"column":67}},"type":"binary-expr","locations":[{"start":{"line":62,"column":56},"end":{"line":62,"column":61}},{"start":{"line":62,"column":65},"end":{"line":62,"column":67}}]}},"s":{"0":1,"1":5,"2":5,"3":11,"4":11,"5":11,"6":11,"7":11,"8":11,"9":5},"f":{"0":5,"1":11},"b":{"0":[5],"1":[5],"2":[5,6],"3":[5,6],"4":[5,6],"5":[5,6],"6":[5,6],"7":[5,6],"8":[5,6],"9":[5,6],"10":[11,11],"11":[0,11],"12":[5,5]}}
,"/Users/liorshaposhnikov/Documents/ScouterUI/scouter-ui/src/ui/Checkbox/index.tsx": {"path":"/Users/liorshaposhnikov/Documents/ScouterUI/scouter-ui/src/ui/Checkbox/index.tsx","statementMap":{"0":{"start":{"line":49,"column":42},"end":{"line":137,"column":1}},"1":{"start":{"line":64,"column":31},"end":{"line":64,"column":71}},"2":{"start":{"line":65,"column":23},"end":{"line":65,"column":45}},"3":{"start":{"line":66,"column":22},"end":{"line":66,"column":42}},"4":{"start":{"line":67,"column":18},"end":{"line":67,"column":82}},"5":{"start":{"line":67,"column":32},"end":{"line":67,"column":65}},"6":{"start":{"line":68,"column":19},"end":{"line":68,"column":36}},"7":{"start":{"line":69,"column":18},"end":{"line":69,"column":35}},"8":{"start":{"line":70,"column":12},"end":{"line":70,"column":19}},"9":{"start":{"line":72,"column":27},"end":{"line":72,"column":96}},"10":{"start":{"line":72,"column":51},"end":{"line":72,"column":94}},"11":{"start":{"line":73,"column":26},"end":{"line":73,"column":94}},"12":{"start":{"line":73,"column":50},"end":{"line":73,"column":92}},"13":{"start":{"line":75,"column":25},"end":{"line":83,"column":73}},"14":{"start":{"line":76,"column":2},"end":{"line":82,"column":3}},"15":{"start":{"line":77,"column":3},"end":{"line":81,"column":6}},"16":{"start":{"line":78,"column":4},"end":{"line":78,"column":31}},"17":{"start":{"line":79,"column":4},"end":{"line":79,"column":83}},"18":{"start":{"line":80,"column":4},"end":{"line":80,"column":116}},"19":{"start":{"line":85,"column":1},"end":{"line":136,"column":3}}},"fnMap":{"0":{"name":"(anonymous_0)","decl":{"start":{"line":49,"column":42},"end":{"line":49,"column":43}},"loc":{"start":{"line":63,"column":5},"end":{"line":137,"column":1}}},"1":{"name":"(anonymous_1)","decl":{"start":{"line":67,"column":26},"end":{"line":67,"column":29}},"loc":{"start":{"line":67,"column":32},"end":{"line":67,"column":65}}},"2":{"name":"(anonymous_2)","decl":{"start":{"line":72,"column":44},"end":{"line":72,"column":47}},"loc":{"start":{"line":72,"column":51},"end":{"line":72,"column":94}}},"3":{"name":"(anonymous_3)","decl":{"start":{"line":73,"column":43},"end":{"line":73,"column":46}},"loc":{"start":{"line":73,"column":50},"end":{"line":73,"column":92}}},"4":{"name":"(anonymous_4)","decl":{"start":{"line":75,"column":37},"end":{"line":75,"column":40}},"loc":{"start":{"line":75,"column":42},"end":{"line":83,"column":2}}},"5":{"name":"(anonymous_5)","decl":{"start":{"line":77,"column":24},"end":{"line":77,"column":25}},"loc":{"start":{"line":77,"column":44},"end":{"line":81,"column":4}}}},"branchMap":{"0":{"loc":{"start":{"line":50,"column":1},"end":{"line":50,"column":17}},"type":"default-arg","locations":[{"start":{"line":50,"column":12},"end":{"line":50,"column":17}}]},"1":{"loc":{"start":{"line":52,"column":1},"end":{"line":52,"column":12}},"type":"default-arg","locations":[{"start":{"line":52,"column":8},"end":{"line":52,"column":12}}]},"2":{"loc":{"start":{"line":53,"column":1},"end":{"line":53,"column":19}},"type":"default-arg","locations":[{"start":{"line":53,"column":9},"end":{"line":53,"column":19}}]},"3":{"loc":{"start":{"line":54,"column":1},"end":{"line":54,"column":17}},"type":"default-arg","locations":[{"start":{"line":54,"column":11},"end":{"line":54,"column":17}}]},"4":{"loc":{"start":{"line":55,"column":1},"end":{"line":55,"column":27}},"type":"default-arg","locations":[{"start":{"line":55,"column":9},"end":{"line":55,"column":27}}]},"5":{"loc":{"start":{"line":56,"column":1},"end":{"line":56,"column":23}},"type":"default-arg","locations":[{"start":{"line":56,"column":19},"end":{"line":56,"column":23}}]},"6":{"loc":{"start":{"line":57,"column":1},"end":{"line":57,"column":18}},"type":"default-arg","locations":[{"start":{"line":57,"column":13},"end":{"line":57,"column":18}}]},"7":{"loc":{"start":{"line":58,"column":1},"end":{"line":58,"column":16}},"type":"default-arg","locations":[{"start":{"line":58,"column":11},"end":{"line":58,"column":16}}]},"8":{"loc":{"start":{"line":76,"column":2},"end":{"line":82,"column":3}},"type":"if","locations":[{"start":{"line":76,"column":2},"end":{"line":82,"column":3}}]},"9":{"loc":{"start":{"line":106,"column":44},"end":{"line":106,"column":122}},"type":"cond-expr","locations":[{"start":{"line":106,"column":66},"end":{"line":106,"column":105}},{"start":{"line":106,"column":109},"end":{"line":106,"column":122}}]},"10":{"loc":{"start":{"line":106,"column":66},"end":{"line":106,"column":105}},"type":"cond-expr","locations":[{"start":{"line":106,"column":76},"end":{"line":106,"column":89}},{"start":{"line":106,"column":92},"end":{"line":106,"column":105}}]},"11":{"loc":{"start":{"line":114,"column":6},"end":{"line":121,"column":null}},"type":"binary-expr","locations":[{"start":{"line":114,"column":6},"end":{"line":114,"column":13}},{"start":{"line":115,"column":6},"end":{"line":121,"column":22}}]},"12":{"loc":{"start":{"line":118,"column":15},"end":{"line":118,"column":58}},"type":"cond-expr","locations":[{"start":{"line":118,"column":36},"end":{"line":118,"column":42}},{"start":{"line":118,"column":45},"end":{"line":118,"column":58}}]},"13":{"loc":{"start":{"line":125,"column":4},"end":{"line":133,"column":null}},"type":"binary-expr","locations":[{"start":{"line":125,"column":4},"end":{"line":125,"column":17}},{"start":{"line":126,"column":4},"end":{"line":133,"column":14}}]}},"s":{"0":1,"1":1,"2":1,"3":1,"4":1,"5":1,"6":1,"7":1,"8":1,"9":1,"10":0,"11":1,"12":0,"13":1,"14":0,"15":0,"16":0,"17":0,"18":0,"19":1},"f":{"0":1,"1":1,"2":0,"3":0,"4":0,"5":0},"b":{"0":[1],"1":[1],"2":[1],"3":[1],"4":[1],"5":[1],"6":[1],"7":[1],"8":[0],"9":[1,0],"10":[0,1],"11":[1,0],"12":[0,0],"13":[1,0]}}
,"/Users/liorshaposhnikov/Documents/ScouterUI/scouter-ui/src/ui/Counter/index.tsx": {"path":"/Users/liorshaposhnikov/Documents/ScouterUI/scouter-ui/src/ui/Counter/index.tsx","statementMap":{"0":{"start":{"line":42,"column":16},"end":{"line":97,"column":1}},"1":{"start":{"line":43,"column":27},"end":{"line":43,"column":69}},"2":{"start":{"line":44,"column":19},"end":{"line":44,"column":46}},"3":{"start":{"line":46,"column":1},"end":{"line":52,"column":3}},"4":{"start":{"line":48,"column":9},"end":{"line":50,"column":4}},"5":{"start":{"line":49,"column":19},"end":{"line":49,"column":24}},"6":{"start":{"line":54,"column":27},"end":{"line":61,"column":null}},"7":{"start":{"line":56,"column":24},"end":{"line":56,"column":68}},"8":{"start":{"line":57,"column":3},"end":{"line":59,"column":6}},"9":{"start":{"line":58,"column":4},"end":{"line":58,"column":25}},"10":{"start":{"line":64,"column":1},"end":{"line":96,"column":3}},"11":{"start":{"line":72,"column":19},"end":{"line":72,"column":49}},"12":{"start":{"line":85,"column":19},"end":{"line":85,"column":49}}},"fnMap":{"0":{"name":"(anonymous_0)","decl":{"start":{"line":42,"column":16},"end":{"line":42,"column":17}},"loc":{"start":{"line":42,"column":97},"end":{"line":97,"column":1}}},"1":{"name":"(anonymous_1)","decl":{"start":{"line":48,"column":2},"end":{"line":48,"column":5}},"loc":{"start":{"line":48,"column":9},"end":{"line":50,"column":4}}},"2":{"name":"(anonymous_2)","decl":{"start":{"line":49,"column":13},"end":{"line":49,"column":16}},"loc":{"start":{"line":49,"column":19},"end":{"line":49,"column":24}}},"3":{"name":"(anonymous_3)","decl":{"start":{"line":55,"column":2},"end":{"line":55,"column":3}},"loc":{"start":{"line":55,"column":38},"end":{"line":60,"column":3}}},"4":{"name":"(anonymous_4)","decl":{"start":{"line":57,"column":26},"end":{"line":57,"column":27}},"loc":{"start":{"line":57,"column":39},"end":{"line":59,"column":4}}},"5":{"name":"(anonymous_5)","decl":{"start":{"line":72,"column":13},"end":{"line":72,"column":16}},"loc":{"start":{"line":72,"column":19},"end":{"line":72,"column":49}}},"6":{"name":"(anonymous_6)","decl":{"start":{"line":85,"column":13},"end":{"line":85,"column":16}},"loc":{"start":{"line":85,"column":19},"end":{"line":85,"column":49}}}},"branchMap":{"0":{"loc":{"start":{"line":42,"column":46},"end":{"line":42,"column":62}},"type":"default-arg","locations":[{"start":{"line":42,"column":61},"end":{"line":42,"column":62}}]},"1":{"loc":{"start":{"line":56,"column":24},"end":{"line":56,"column":68}},"type":"cond-expr","locations":[{"start":{"line":56,"column":47},"end":{"line":56,"column":56}},{"start":{"line":56,"column":59},"end":{"line":56,"column":68}}]}},"s":{"0":1,"1":1,"2":1,"3":1,"4":0,"5":0,"6":1,"7":0,"8":0,"9":0,"10":1,"11":0,"12":0},"f":{"0":1,"1":0,"2":0,"3":0,"4":0,"5":0,"6":0},"b":{"0":[1],"1":[0,0]}}
,"/Users/liorshaposhnikov/Documents/ScouterUI/scouter-ui/src/ui/Heading/index.tsx": {"path":"/Users/liorshaposhnikov/Documents/ScouterUI/scouter-ui/src/ui/Heading/index.tsx","statementMap":{"0":{"start":{"line":31,"column":40},"end":{"line":41,"column":1}},"1":{"start":{"line":32,"column":23},"end":{"line":32,"column":45}},"2":{"start":{"line":34,"column":19},"end":{"line":38,"column":4}},"3":{"start":{"line":40,"column":1},"end":{"line":40,"column":59}}},"fnMap":{"0":{"name":"(anonymous_0)","decl":{"start":{"line":31,"column":40},"end":{"line":31,"column":41}},"loc":{"start":{"line":31,"column":116},"end":{"line":41,"column":1}}}},"branchMap":{"0":{"loc":{"start":{"line":31,"column":43},"end":{"line":31,"column":54}},"type":"default-arg","locations":[{"start":{"line":31,"column":50},"end":{"line":31,"column":54}}]},"1":{"loc":{"start":{"line":31,"column":56},"end":{"line":31,"column":73}},"type":"default-arg","locations":[{"start":{"line":31,"column":65},"end":{"line":31,"column":73}}]},"2":{"loc":{"start":{"line":31,"column":75},"end":{"line":31,"column":93}},"type":"default-arg","locations":[{"start":{"line":31,"column":83},"end":{"line":31,"column":93}}]}},"s":{"0":5,"1":15,"2":15,"3":15},"f":{"0":15},"b":{"0":[15],"1":[15],"2":[1]}}
,"/Users/liorshaposhnikov/Documents/ScouterUI/scouter-ui/src/ui/RadioButton/index.tsx": {"path":"/Users/liorshaposhnikov/Documents/ScouterUI/scouter-ui/src/ui/RadioButton/index.tsx","statementMap":{"0":{"start":{"line":44,"column":48},"end":{"line":140,"column":1}},"1":{"start":{"line":56,"column":31},"end":{"line":56,"column":71}},"2":{"start":{"line":57,"column":26},"end":{"line":57,"column":43}},"3":{"start":{"line":58,"column":31},"end":{"line":58,"column":48}},"4":{"start":{"line":60,"column":26},"end":{"line":60,"column":48}},"5":{"start":{"line":61,"column":25},"end":{"line":61,"column":45}},"6":{"start":{"line":63,"column":34},"end":{"line":65,"column":4}},"7":{"start":{"line":63,"column":58},"end":{"line":65,"column":3}},"8":{"start":{"line":66,"column":39},"end":{"line":68,"column":4}},"9":{"start":{"line":66,"column":63},"end":{"line":68,"column":3}},"10":{"start":{"line":70,"column":28},"end":{"line":84,"column":76}},"11":{"start":{"line":71,"column":2},"end":{"line":83,"column":5}},"12":{"start":{"line":72,"column":3},"end":{"line":72,"column":23}},"13":{"start":{"line":73,"column":3},"end":{"line":77,"column":5}},"14":{"start":{"line":78,"column":3},"end":{"line":82,"column":5}},"15":{"start":{"line":86,"column":1},"end":{"line":139,"column":3}}},"fnMap":{"0":{"name":"(anonymous_0)","decl":{"start":{"line":44,"column":48},"end":{"line":44,"column":49}},"loc":{"start":{"line":55,"column":5},"end":{"line":140,"column":1}}},"1":{"name":"(anonymous_1)","decl":{"start":{"line":63,"column":51},"end":{"line":63,"column":54}},"loc":{"start":{"line":63,"column":58},"end":{"line":65,"column":3}}},"2":{"name":"(anonymous_2)","decl":{"start":{"line":66,"column":56},"end":{"line":66,"column":59}},"loc":{"start":{"line":66,"column":63},"end":{"line":68,"column":3}}},"3":{"name":"(anonymous_3)","decl":{"start":{"line":70,"column":40},"end":{"line":70,"column":43}},"loc":{"start":{"line":70,"column":45},"end":{"line":84,"column":2}}},"4":{"name":"(anonymous_4)","decl":{"start":{"line":71,"column":23},"end":{"line":71,"column":24}},"loc":{"start":{"line":71,"column":36},"end":{"line":83,"column":3}}}},"branchMap":{"0":{"loc":{"start":{"line":50,"column":1},"end":{"line":50,"column":19}},"type":"default-arg","locations":[{"start":{"line":50,"column":9},"end":{"line":50,"column":19}}]},"1":{"loc":{"start":{"line":51,"column":1},"end":{"line":51,"column":18}},"type":"default-arg","locations":[{"start":{"line":51,"column":13},"end":{"line":51,"column":18}}]},"2":{"loc":{"start":{"line":52,"column":1},"end":{"line":52,"column":31}},"type":"default-arg","locations":[{"start":{"line":52,"column":9},"end":{"line":52,"column":31}}]},"3":{"loc":{"start":{"line":53,"column":1},"end":{"line":53,"column":17}},"type":"default-arg","locations":[{"start":{"line":53,"column":12},"end":{"line":53,"column":17}}]},"4":{"loc":{"start":{"line":54,"column":1},"end":{"line":54,"column":12}},"type":"default-arg","locations":[{"start":{"line":54,"column":8},"end":{"line":54,"column":12}}]},"5":{"loc":{"start":{"line":113,"column":6},"end":{"line":124,"column":null}},"type":"binary-expr","locations":[{"start":{"line":113,"column":6},"end":{"line":113,"column":13}},{"start":{"line":114,"column":6},"end":{"line":123,"column":null}}]},"6":{"loc":{"start":{"line":128,"column":4},"end":{"line":136,"column":null}},"type":"binary-expr","locations":[{"start":{"line":128,"column":4},"end":{"line":128,"column":20}},{"start":{"line":129,"column":4},"end":{"line":136,"column":14}}]}},"s":{"0":1,"1":1,"2":1,"3":1,"4":1,"5":1,"6":1,"7":0,"8":1,"9":0,"10":1,"11":0,"12":0,"13":0,"14":0,"15":1},"f":{"0":1,"1":0,"2":0,"3":0,"4":0},"b":{"0":[1],"1":[1],"2":[1],"3":[1],"4":[1],"5":[1,0],"6":[1,0]}}
,"/Users/liorshaposhnikov/Documents/ScouterUI/scouter-ui/src/ui/Stack/index.tsx": {"path":"/Users/liorshaposhnikov/Documents/ScouterUI/scouter-ui/src/ui/Stack/index.tsx","statementMap":{"0":{"start":{"line":30,"column":36},"end":{"line":66,"column":1}},"1":{"start":{"line":31,"column":17},"end":{"line":31,"column":79}},"2":{"start":{"line":31,"column":31},"end":{"line":31,"column":71}},"3":{"start":{"line":32,"column":15},"end":{"line":32,"column":34}},"4":{"start":{"line":34,"column":23},"end":{"line":34,"column":55}},"5":{"start":{"line":35,"column":24},"end":{"line":55,"column":3}},"6":{"start":{"line":36,"column":32},"end":{"line":36,"column":34}},"7":{"start":{"line":37,"column":2},"end":{"line":43,"column":3}},"8":{"start":{"line":38,"column":3},"end":{"line":42,"column":4}},"9":{"start":{"line":39,"column":4},"end":{"line":39,"column":36}},"10":{"start":{"line":41,"column":4},"end":{"line":41,"column":35}},"11":{"start":{"line":45,"column":2},"end":{"line":53,"column":3}},"12":{"start":{"line":46,"column":19},"end":{"line":46,"column":94}},"13":{"start":{"line":47,"column":25},"end":{"line":47,"column":45}},"14":{"start":{"line":48,"column":3},"end":{"line":48,"column":null}},"15":{"start":{"line":49,"column":23},"end":{"line":49,"column":81}},"16":{"start":{"line":50,"column":3},"end":{"line":52,"column":6}},"17":{"start":{"line":54,"column":2},"end":{"line":54,"column":15}},"18":{"start":{"line":57,"column":1},"end":{"line":65,"column":3}}},"fnMap":{"0":{"name":"(anonymous_0)","decl":{"start":{"line":30,"column":36},"end":{"line":30,"column":37}},"loc":{"start":{"line":30,"column":105},"end":{"line":66,"column":1}}},"1":{"name":"(anonymous_1)","decl":{"start":{"line":31,"column":25},"end":{"line":31,"column":28}},"loc":{"start":{"line":31,"column":31},"end":{"line":31,"column":71}}},"2":{"name":"(anonymous_2)","decl":{"start":{"line":35,"column":42},"end":{"line":35,"column":43}},"loc":{"start":{"line":35,"column":57},"end":{"line":55,"column":2}}}},"branchMap":{"0":{"loc":{"start":{"line":30,"column":39},"end":{"line":30,"column":56}},"type":"default-arg","locations":[{"start":{"line":30,"column":51},"end":{"line":30,"column":56}}]},"1":{"loc":{"start":{"line":30,"column":58},"end":{"line":30,"column":68}},"type":"default-arg","locations":[{"start":{"line":30,"column":64},"end":{"line":30,"column":68}}]},"2":{"loc":{"start":{"line":37,"column":2},"end":{"line":43,"column":3}},"type":"if","locations":[{"start":{"line":37,"column":2},"end":{"line":43,"column":3}}]},"3":{"loc":{"start":{"line":38,"column":3},"end":{"line":42,"column":4}},"type":"if","locations":[{"start":{"line":38,"column":3},"end":{"line":42,"column":4}},{"start":{"line":40,"column":10},"end":{"line":42,"column":4}}]},"4":{"loc":{"start":{"line":45,"column":2},"end":{"line":53,"column":3}},"type":"if","locations":[{"start":{"line":45,"column":2},"end":{"line":53,"column":3}}]},"5":{"loc":{"start":{"line":49,"column":23},"end":{"line":49,"column":81}},"type":"cond-expr","locations":[{"start":{"line":49,"column":39},"end":{"line":49,"column":66}},{"start":{"line":49,"column":69},"end":{"line":49,"column":81}}]}},"s":{"0":5,"1":25,"2":25,"3":25,"4":25,"5":25,"6":35,"7":35,"8":10,"9":10,"10":0,"11":35,"12":35,"13":35,"14":35,"15":35,"16":35,"17":0,"18":25},"f":{"0":25,"1":25,"2":35},"b":{"0":[17],"1":[0],"2":[10],"3":[10,0],"4":[35],"5":[13,22]}}
}
