TN:
SF:src/ScouterUIProvider.tsx
FN:24,(anonymous_0)
FNF:1
FNH:1
FNDA:12,(anonymous_0)
DA:24,7
DA:25,12
LF:2
LH:2
BRF:0
BRH:0
end_of_record
TN:
SF:src/ScouterUITheme.ts
FNF:0
FNH:0
DA:19,7
LF:1
LH:1
BRF:0
BRH:0
end_of_record
TN:
SF:src/components/button.tsx
FN:43,(anonymous_0)
FN:64,(anonymous_1)
FN:72,(anonymous_2)
FN:75,(anonymous_3)
FNF:4
FNH:1
FNDA:17,(anonymous_0)
FNDA:0,(anonymous_1)
FNDA:0,(anonymous_2)
FNDA:0,(anonymous_3)
DA:42,4
DA:43,4
DA:56,17
DA:58,17
DA:59,17
DA:60,17
DA:61,17
DA:62,17
DA:64,17
DA:68,17
DA:73,0
DA:76,0
LF:12
LH:10
BRDA:45,0,0,6
BRDA:48,1,0,6
BRDA:49,2,0,16
BRDA:59,3,0,17
BRDA:59,3,1,0
BRDA:59,4,0,1
BRDA:59,4,1,16
BRDA:60,5,0,0
BRDA:60,5,1,17
BRDA:60,6,0,0
BRDA:60,6,1,0
BRDA:61,7,0,17
BRDA:61,7,1,0
BRDA:61,8,0,0
BRDA:61,8,1,0
BRDA:96,9,0,17
BRDA:96,9,1,2
BRDA:97,10,0,17
BRDA:97,10,1,15
BRF:19
BRH:12
end_of_record
TN:
SF:src/components/buttonGroup.tsx
FN:29,(anonymous_0)
FN:33,(anonymous_1)
FNF:2
FNH:2
FNDA:5,(anonymous_0)
FNDA:11,(anonymous_1)
DA:29,1
DA:31,5
DA:33,5
DA:34,11
DA:35,11
DA:37,11
DA:44,11
DA:52,11
DA:53,11
DA:58,5
LF:10
LH:10
BRDA:29,0,0,5
BRDA:29,1,0,5
BRDA:38,2,0,5
BRDA:38,2,1,6
BRDA:39,3,0,5
BRDA:39,3,1,6
BRDA:40,4,0,5
BRDA:40,4,1,6
BRDA:41,5,0,5
BRDA:41,5,1,6
BRDA:45,6,0,5
BRDA:45,6,1,6
BRDA:46,7,0,5
BRDA:46,7,1,6
BRDA:47,8,0,5
BRDA:47,8,1,6
BRDA:48,9,0,5
BRDA:48,9,1,6
BRDA:52,10,0,11
BRDA:52,10,1,11
BRDA:54,11,0,0
BRDA:54,11,1,11
BRDA:62,12,0,5
BRDA:62,12,1,5
BRF:24
BRH:23
end_of_record
TN:
SF:src/components/checkbox.tsx
FN:49,(anonymous_0)
FN:67,(anonymous_1)
FN:72,(anonymous_2)
FN:73,(anonymous_3)
FN:75,(anonymous_4)
FN:77,(anonymous_5)
FNF:6
FNH:2
FNDA:1,(anonymous_0)
FNDA:1,(anonymous_1)
FNDA:0,(anonymous_2)
FNDA:0,(anonymous_3)
FNDA:0,(anonymous_4)
FNDA:0,(anonymous_5)
DA:49,1
DA:64,1
DA:65,1
DA:66,1
DA:67,1
DA:68,1
DA:69,1
DA:70,1
DA:72,1
DA:73,1
DA:75,1
DA:76,0
DA:77,0
DA:78,0
DA:79,0
DA:80,0
DA:85,1
LF:17
LH:12
BRDA:50,0,0,1
BRDA:52,1,0,1
BRDA:53,2,0,1
BRDA:54,3,0,1
BRDA:55,4,0,1
BRDA:56,5,0,1
BRDA:57,6,0,1
BRDA:58,7,0,1
BRDA:76,8,0,0
BRDA:76,8,1,0
BRDA:106,9,0,1
BRDA:106,9,1,0
BRDA:106,10,0,0
BRDA:106,10,1,1
BRDA:114,11,0,1
BRDA:114,11,1,0
BRDA:118,12,0,0
BRDA:118,12,1,0
BRDA:125,13,0,1
BRDA:125,13,1,0
BRF:20
BRH:12
end_of_record
TN:
SF:src/components/counter.tsx
FN:42,(anonymous_0)
FN:48,(anonymous_1)
FN:49,(anonymous_2)
FN:55,(anonymous_3)
FN:57,(anonymous_4)
FN:72,(anonymous_5)
FN:85,(anonymous_6)
FNF:7
FNH:1
FNDA:1,(anonymous_0)
FNDA:0,(anonymous_1)
FNDA:0,(anonymous_2)
FNDA:0,(anonymous_3)
FNDA:0,(anonymous_4)
FNDA:0,(anonymous_5)
FNDA:0,(anonymous_6)
DA:42,1
DA:43,1
DA:44,1
DA:46,1
DA:48,0
DA:49,0
DA:54,1
DA:56,0
DA:57,0
DA:58,0
DA:64,1
DA:72,0
DA:85,0
LF:13
LH:6
BRDA:42,0,0,1
BRDA:56,1,0,0
BRDA:56,1,1,0
BRF:3
BRH:1
end_of_record
TN:
SF:src/components/heading.tsx
FN:31,(anonymous_0)
FNF:1
FNH:1
FNDA:18,(anonymous_0)
DA:31,7
DA:32,18
DA:34,18
DA:40,18
LF:4
LH:4
BRDA:31,0,0,17
BRDA:31,1,0,17
BRDA:31,2,0,3
BRF:3
BRH:3
end_of_record
TN:
SF:src/components/radioButton.tsx
FN:44,(anonymous_0)
FN:63,(anonymous_1)
FN:66,(anonymous_2)
FN:70,(anonymous_3)
FN:71,(anonymous_4)
FNF:5
FNH:1
FNDA:1,(anonymous_0)
FNDA:0,(anonymous_1)
FNDA:0,(anonymous_2)
FNDA:0,(anonymous_3)
FNDA:0,(anonymous_4)
DA:44,1
DA:56,1
DA:57,1
DA:58,1
DA:60,1
DA:61,1
DA:63,1
DA:66,1
DA:70,1
DA:71,0
DA:72,0
DA:73,0
DA:78,0
DA:86,1
LF:14
LH:10
BRDA:50,0,0,1
BRDA:51,1,0,1
BRDA:52,2,0,1
BRDA:53,3,0,1
BRDA:54,4,0,1
BRDA:113,5,0,1
BRDA:113,5,1,0
BRDA:128,6,0,1
BRDA:128,6,1,0
BRF:9
BRH:7
end_of_record
TN:
SF:src/components/scouterDictionary.ts
FNF:0
FNH:0
DA:19,7
DA:32,7
LF:2
LH:2
BRF:0
BRH:0
end_of_record
TN:
SF:src/components/stack.tsx
FN:30,(anonymous_0)
FN:31,(anonymous_1)
FN:35,(anonymous_2)
FNF:3
FNH:3
FNDA:26,(anonymous_0)
FNDA:26,(anonymous_1)
FNDA:36,(anonymous_2)
DA:30,6
DA:31,26
DA:32,26
DA:34,26
DA:35,26
DA:36,36
DA:37,36
DA:38,10
DA:39,10
DA:41,0
DA:45,36
DA:46,36
DA:47,36
DA:48,36
DA:49,36
DA:53,0
DA:56,26
LF:17
LH:15
BRDA:30,0,0,18
BRDA:30,1,0,0
BRDA:37,2,0,10
BRDA:37,2,1,26
BRDA:38,3,0,10
BRDA:38,3,1,0
BRDA:45,4,0,36
BRDA:45,4,1,0
BRDA:48,5,0,13
BRDA:48,5,1,23
BRF:10
BRH:7
end_of_record
TN:
SF:src/hooks/useResolveColor.ts
FN:33,(anonymous_0)
FN:40,(anonymous_1)
FNF:2
FNH:2
FNDA:38,(anonymous_0)
FNDA:38,(anonymous_1)
DA:33,7
DA:38,38
DA:40,38
DA:41,38
DA:42,0
DA:44,38
DA:45,38
DA:46,38
DA:47,0
DA:48,0
DA:50,0
DA:52,38
DA:53,38
DA:54,38
DA:55,0
DA:56,0
DA:60,0
DA:63,38
LF:18
LH:11
BRDA:35,0,0,38
BRDA:41,1,0,0
BRDA:41,1,1,38
BRDA:44,2,0,0
BRDA:44,2,1,38
BRDA:44,3,0,38
BRDA:44,3,1,38
BRDA:46,4,0,0
BRDA:46,4,1,38
BRDA:46,5,0,38
BRDA:46,5,1,38
BRDA:47,6,0,0
BRDA:47,6,1,0
BRDA:47,7,0,0
BRDA:47,7,1,0
BRDA:52,8,0,38
BRDA:52,8,1,0
BRDA:54,9,0,0
BRDA:54,9,1,38
BRDA:55,10,0,0
BRDA:55,10,1,0
BRDA:55,11,0,0
BRDA:55,11,1,0
BRF:23
BRH:10
end_of_record
TN:
SF:src/hooks/useStateCallback.ts
FN:35,useStateWithCallback
FN:40,(anonymous_1)
FN:45,(anonymous_2)
FNF:3
FNH:2
FNDA:3,useStateWithCallback
FNDA:0,(anonymous_1)
FNDA:3,(anonymous_2)
DA:36,3
DA:37,3
DA:38,3
DA:40,3
DA:41,0
DA:42,0
DA:45,3
DA:46,3
DA:47,3
DA:48,3
DA:50,0
DA:51,0
DA:52,0
DA:56,3
LF:14
LH:9
BRDA:46,0,0,3
BRDA:46,0,1,0
BRDA:50,1,0,0
BRDA:50,1,1,0
BRF:4
BRH:1
end_of_record
TN:
SF:src/ui/ScouterDictionaries.ts
FNF:0
FNH:0
DA:19,5
DA:32,5
LF:2
LH:2
BRF:0
BRH:0
end_of_record
TN:
SF:src/ui/Button/index.tsx
FN:43,(anonymous_0)
FN:64,(anonymous_1)
FN:72,(anonymous_2)
FN:75,(anonymous_3)
FNF:4
FNH:1
FNDA:16,(anonymous_0)
FNDA:0,(anonymous_1)
FNDA:0,(anonymous_2)
FNDA:0,(anonymous_3)
DA:42,3
DA:43,3
DA:56,16
DA:58,16
DA:59,16
DA:60,16
DA:61,16
DA:62,16
DA:64,16
DA:68,16
DA:73,0
DA:76,0
LF:12
LH:10
BRDA:45,0,0,5
BRDA:48,1,0,5
BRDA:49,2,0,15
BRDA:59,3,0,16
BRDA:59,3,1,0
BRDA:59,4,0,1
BRDA:59,4,1,15
BRDA:60,5,0,0
BRDA:60,5,1,16
BRDA:60,6,0,0
BRDA:60,6,1,0
BRDA:61,7,0,16
BRDA:61,7,1,0
BRDA:61,8,0,0
BRDA:61,8,1,0
BRDA:95,9,0,16
BRDA:95,9,1,2
BRDA:96,10,0,16
BRDA:96,10,1,14
BRF:19
BRH:12
end_of_record
TN:
SF:src/ui/ButtonGroup/index.tsx
FN:29,(anonymous_0)
FN:33,(anonymous_1)
FNF:2
FNH:2
FNDA:5,(anonymous_0)
FNDA:11,(anonymous_1)
DA:29,1
DA:31,5
DA:33,5
DA:34,11
DA:35,11
DA:37,11
DA:44,11
DA:52,11
DA:53,11
DA:58,5
LF:10
LH:10
BRDA:29,0,0,5
BRDA:29,1,0,5
BRDA:38,2,0,5
BRDA:38,2,1,6
BRDA:39,3,0,5
BRDA:39,3,1,6
BRDA:40,4,0,5
BRDA:40,4,1,6
BRDA:41,5,0,5
BRDA:41,5,1,6
BRDA:45,6,0,5
BRDA:45,6,1,6
BRDA:46,7,0,5
BRDA:46,7,1,6
BRDA:47,8,0,5
BRDA:47,8,1,6
BRDA:48,9,0,5
BRDA:48,9,1,6
BRDA:52,10,0,11
BRDA:52,10,1,11
BRDA:54,11,0,0
BRDA:54,11,1,11
BRDA:62,12,0,5
BRDA:62,12,1,5
BRF:24
BRH:23
end_of_record
TN:
SF:src/ui/Checkbox/index.tsx
FN:49,(anonymous_0)
FN:67,(anonymous_1)
FN:72,(anonymous_2)
FN:73,(anonymous_3)
FN:75,(anonymous_4)
FN:77,(anonymous_5)
FNF:6
FNH:2
FNDA:1,(anonymous_0)
FNDA:1,(anonymous_1)
FNDA:0,(anonymous_2)
FNDA:0,(anonymous_3)
FNDA:0,(anonymous_4)
FNDA:0,(anonymous_5)
DA:49,1
DA:64,1
DA:65,1
DA:66,1
DA:67,1
DA:68,1
DA:69,1
DA:70,1
DA:72,1
DA:73,1
DA:75,1
DA:76,0
DA:77,0
DA:78,0
DA:79,0
DA:80,0
DA:85,1
LF:17
LH:12
BRDA:50,0,0,1
BRDA:52,1,0,1
BRDA:53,2,0,1
BRDA:54,3,0,1
BRDA:55,4,0,1
BRDA:56,5,0,1
BRDA:57,6,0,1
BRDA:58,7,0,1
BRDA:76,8,0,0
BRDA:106,9,0,1
BRDA:106,9,1,0
BRDA:106,10,0,0
BRDA:106,10,1,1
BRDA:114,11,0,1
BRDA:114,11,1,0
BRDA:118,12,0,0
BRDA:118,12,1,0
BRDA:125,13,0,1
BRDA:125,13,1,0
BRF:19
BRH:12
end_of_record
TN:
SF:src/ui/Counter/index.tsx
FN:42,(anonymous_0)
FN:48,(anonymous_1)
FN:49,(anonymous_2)
FN:55,(anonymous_3)
FN:57,(anonymous_4)
FN:72,(anonymous_5)
FN:85,(anonymous_6)
FNF:7
FNH:1
FNDA:1,(anonymous_0)
FNDA:0,(anonymous_1)
FNDA:0,(anonymous_2)
FNDA:0,(anonymous_3)
FNDA:0,(anonymous_4)
FNDA:0,(anonymous_5)
FNDA:0,(anonymous_6)
DA:42,1
DA:43,1
DA:44,1
DA:46,1
DA:48,0
DA:49,0
DA:54,1
DA:56,0
DA:57,0
DA:58,0
DA:64,1
DA:72,0
DA:85,0
LF:13
LH:6
BRDA:42,0,0,1
BRDA:56,1,0,0
BRDA:56,1,1,0
BRF:3
BRH:1
end_of_record
TN:
SF:src/ui/Heading/index.tsx
FN:31,(anonymous_0)
FNF:1
FNH:1
FNDA:15,(anonymous_0)
DA:31,5
DA:32,15
DA:34,15
DA:40,15
LF:4
LH:4
BRDA:31,0,0,15
BRDA:31,1,0,15
BRDA:31,2,0,1
BRF:3
BRH:3
end_of_record
TN:
SF:src/ui/RadioButton/index.tsx
FN:44,(anonymous_0)
FN:63,(anonymous_1)
FN:66,(anonymous_2)
FN:70,(anonymous_3)
FN:71,(anonymous_4)
FNF:5
FNH:1
FNDA:1,(anonymous_0)
FNDA:0,(anonymous_1)
FNDA:0,(anonymous_2)
FNDA:0,(anonymous_3)
FNDA:0,(anonymous_4)
DA:44,1
DA:56,1
DA:57,1
DA:58,1
DA:60,1
DA:61,1
DA:63,1
DA:66,1
DA:70,1
DA:71,0
DA:72,0
DA:73,0
DA:78,0
DA:86,1
LF:14
LH:10
BRDA:50,0,0,1
BRDA:51,1,0,1
BRDA:52,2,0,1
BRDA:53,3,0,1
BRDA:54,4,0,1
BRDA:113,5,0,1
BRDA:113,5,1,0
BRDA:128,6,0,1
BRDA:128,6,1,0
BRF:9
BRH:7
end_of_record
TN:
SF:src/ui/Stack/index.tsx
FN:30,(anonymous_0)
FN:31,(anonymous_1)
FN:35,(anonymous_2)
FNF:3
FNH:3
FNDA:25,(anonymous_0)
FNDA:25,(anonymous_1)
FNDA:35,(anonymous_2)
DA:30,5
DA:31,25
DA:32,25
DA:34,25
DA:35,25
DA:36,35
DA:37,35
DA:38,10
DA:39,10
DA:41,0
DA:45,35
DA:46,35
DA:47,35
DA:48,35
DA:49,35
DA:50,35
DA:54,0
DA:57,25
LF:18
LH:16
BRDA:30,0,0,17
BRDA:30,1,0,0
BRDA:37,2,0,10
BRDA:38,3,0,10
BRDA:38,3,1,0
BRDA:45,4,0,35
BRDA:49,5,0,13
BRDA:49,5,1,22
BRF:8
BRH:6
end_of_record
